<?xml version="1.0" encoding="UTF-8"?>
<testsuite xmlns:xsi="http://www.w3.org/2001/XMLSchema-instance" xsi:noNamespaceSchemaLocation="https://maven.apache.org/surefire/maven-surefire-plugin/xsd/surefire-test-report-3.0.xsd" version="3.0" name="com.inventory.management.central.CentralInventoryServiceApplicationTest" time="8.935" tests="2" errors="0" skipped="0" failures="0">
  <properties>
[...]
</properties>
  <testcase name="shouldInitializeAllRequiredBeans" classname="com.inventory.management.central.CentralInventoryServiceApplicationTest" time="0.499">
    <system-out><![CDATA[18:16:51.137 [main] INFO org.springframework.test.context.support.AnnotationConfigContextLoaderUtils -- Could not detect default configuration classes for test class [com.inventory.management.central.CentralInventoryServiceApplicationTest]: CentralInventoryServiceApplicationTest does not declare any static, non-private, non-final, nested classes annotated with @Configuration.
18:16:51.266 [main] INFO org.springframework.boot.test.context.SpringBootTestContextBootstrapper -- Found @SpringBootConfiguration com.inventory.management.central.CentralInventoryServiceApplication for test class com.inventory.management.central.CentralInventoryServiceApplicationTest

  .   ____          _            __ _ _
 /\\ / ___'_ __ _ _(_)_ __  __ _ \ \ \ \
( ( )\___ | '_ | '_| | '_ \/ _` | \ \ \ \
 \\/  ___)| |_)| | | | | || (_| |  ) ) ) )
  '  |____| .__|_| |_|_| |_\__, | / / / /
 =========|_|==============|___/=/_/_/_/
 :: Spring Boot ::                (v3.2.0)

18:16:51.710 [main] INFO  c.i.m.c.CentralInventoryServiceApplicationTest - Starting CentralInventoryServiceApplicationTest using Java 21.0.2 with PID 78794 (started by renan.lima in /Users/renan.lima/Documents/management-system/central-inventory-service)
18:16:51.711 [main] DEBUG c.i.m.c.CentralInventoryServiceApplicationTest - Running with Spring Boot v3.2.0, Spring v6.1.1
18:16:51.711 [main] INFO  c.i.m.c.CentralInventoryServiceApplicationTest - The following 1 profile is active: "test"
18:16:52.859 [main] INFO  o.s.d.r.c.RepositoryConfigurationDelegate - Multiple Spring Data modules found, entering strict repository configuration mode
18:16:52.861 [main] INFO  o.s.d.r.c.RepositoryConfigurationDelegate - Bootstrapping Spring Data JPA repositories in DEFAULT mode.
18:16:53.014 [main] INFO  o.s.d.r.c.RepositoryConfigurationDelegate - Finished Spring Data repository scanning in 146 ms. Found 3 JPA repository interfaces.
18:16:53.028 [main] INFO  o.s.d.r.c.RepositoryConfigurationDelegate - Multiple Spring Data modules found, entering strict repository configuration mode
18:16:53.029 [main] INFO  o.s.d.r.c.RepositoryConfigurationDelegate - Bootstrapping Spring Data Redis repositories in DEFAULT mode.
18:16:53.053 [main] INFO  o.s.d.r.c.RepositoryConfigurationExtensionSupport - Spring Data Redis - Could not safely identify store assignment for repository candidate interface com.inventory.management.central.infrastructure.adapter.out.persistence.CentralInventoryJpaRepository; If you want this repository to be a Redis repository, consider annotating your entities with one of these annotations: org.springframework.data.redis.core.RedisHash (preferred), or consider extending one of the following types with your repository: org.springframework.data.keyvalue.repository.KeyValueRepository
18:16:53.054 [main] INFO  o.s.d.r.c.RepositoryConfigurationExtensionSupport - Spring Data Redis - Could not safely identify store assignment for repository candidate interface com.inventory.management.central.infrastructure.adapter.out.persistence.InventoryEventJpaRepository; If you want this repository to be a Redis repository, consider annotating your entities with one of these annotations: org.springframework.data.redis.core.RedisHash (preferred), or consider extending one of the following types with your repository: org.springframework.data.keyvalue.repository.KeyValueRepository
18:16:53.054 [main] INFO  o.s.d.r.c.RepositoryConfigurationExtensionSupport - Spring Data Redis - Could not safely identify store assignment for repository candidate interface com.inventory.management.central.infrastructure.adapter.out.persistence.StoreInventoryJpaRepository; If you want this repository to be a Redis repository, consider annotating your entities with one of these annotations: org.springframework.data.redis.core.RedisHash (preferred), or consider extending one of the following types with your repository: org.springframework.data.keyvalue.repository.KeyValueRepository
18:16:53.054 [main] INFO  o.s.d.r.c.RepositoryConfigurationDelegate - Finished Spring Data repository scanning in 10 ms. Found 0 Redis repository interfaces.
18:16:54.238 [main] INFO  o.s.o.j.p.SpringPersistenceUnitInfo - No LoadTimeWeaver setup: ignoring JPA class transformer
18:16:54.261 [main] INFO  com.zaxxer.hikari.HikariDataSource - HikariPool-1 - Starting...
18:16:54.555 [main] INFO  com.zaxxer.hikari.pool.HikariPool - HikariPool-1 - Added connection conn0: url=jdbc:h2:mem:testdb user=SA
18:16:54.557 [main] INFO  com.zaxxer.hikari.HikariDataSource - HikariPool-1 - Start completed.
18:16:54.581 [main] WARN  org.hibernate.orm.deprecation - HHH90000025: H2Dialect does not need to be specified explicitly using 'hibernate.dialect' (remove the property setting and it will be selected by default)
18:16:55.704 [main] DEBUG org.hibernate.SQL - drop table if exists central_inventory cascade 
18:16:55.707 [main] DEBUG org.hibernate.SQL - drop table if exists inventory_event cascade 
18:16:55.708 [main] DEBUG org.hibernate.SQL - drop table if exists store_inventory cascade 
18:16:55.714 [main] DEBUG org.hibernate.SQL - create table central_inventory (active boolean not null, available_quantity integer not null, total_quantity integer not null, total_reserved_quantity integer not null, unit_price float(53), last_updated timestamp(6) not null, version bigint, category varchar(100), product_sku varchar(100) not null, product_name varchar(200) not null, description varchar(500), primary key (product_sku))
18:16:55.720 [main] DEBUG org.hibernate.SQL - create table inventory_event (quantity integer, created_at timestamp(6), processed_at timestamp(6), id uuid not null, event_data varchar(255), event_type varchar(255) check (event_type in ('RESERVE','COMMIT','CANCEL','UPDATE','RESTOCK')), product_sku varchar(255), status varchar(255) check (status in ('PENDING','PROCESSED','FAILED','IGNORED')), store_id varchar(255), primary key (id))
18:16:55.725 [main] DEBUG org.hibernate.SQL - create table store_inventory (available integer not null, quantity integer not null, reserved integer not null, synchronized boolean not null, last_sync_time timestamp(6), last_updated timestamp(6) not null, version bigint, store_id varchar(50) not null, product_sku varchar(100) not null, store_location varchar(200), store_name varchar(200), primary key (store_id, product_sku))
18:16:55.728 [main] INFO  o.s.o.j.LocalContainerEntityManagerFactoryBean - Initialized JPA EntityManagerFactory for persistence unit 'default'
18:16:56.074 [main] INFO  o.s.d.j.r.query.QueryEnhancerFactory - Hibernate is in classpath; If applicable, HQL parser will be used.
18:16:56.907 [main] INFO  c.i.m.c.i.config.KafkaConfig - 🔧 Configurando Kafka Listener Container Factory
18:16:56.912 [main] INFO  c.i.m.c.i.config.KafkaConfig - 🔧 Configurando Kafka Consumer Factory
18:16:56.914 [main] INFO  c.i.m.c.i.config.KafkaConfig - ✅ Kafka Consumer Factory configurado: bootstrapServers=localhost:9092, groupId=test-central-inventory-group
18:16:56.934 [main] INFO  c.i.m.c.i.config.KafkaConfig - ✅ Kafka Listener Container Factory configurado com 1 threads
18:16:57.657 [main] WARN  o.s.b.a.o.j.JpaBaseConfiguration$JpaWebConfiguration - spring.jpa.open-in-view is enabled by default. Therefore, database queries may be performed during view rendering. Explicitly configure spring.jpa.open-in-view to disable this warning
18:16:58.980 [main] INFO  o.s.b.a.h.H2ConsoleAutoConfiguration - H2 console available at '/h2-console'. Database available at 'jdbc:h2:mem:testdb'
18:16:59.114 [main] INFO  o.s.b.a.e.web.EndpointLinksResolver - Exposing 3 endpoint(s) beneath base path '/actuator'
18:16:59.225 [main] INFO  o.a.k.c.consumer.ConsumerConfig - ConsumerConfig values: 
	allow.auto.create.topics = true
	auto.commit.interval.ms = 5000
	auto.include.jmx.reporter = true
	auto.offset.reset = earliest
	bootstrap.servers = [localhost:9092]
	check.crcs = true
	client.dns.lookup = use_all_dns_ips
	client.id = consumer-test-central-inventory-group-1
	client.rack = 
	connections.max.idle.ms = 540000
	default.api.timeout.ms = 60000
	enable.auto.commit = false
	exclude.internal.topics = true
	fetch.max.bytes = 52428800
	fetch.max.wait.ms = 5000
	fetch.min.bytes = 1
	group.id = test-central-inventory-group
	group.instance.id = null
	heartbeat.interval.ms = 3000
	interceptor.classes = []
	internal.leave.group.on.close = true
	internal.throw.on.fetch.stable.offset.unsupported = false
	isolation.level = read_uncommitted
	key.deserializer = class org.apache.kafka.common.serialization.StringDeserializer
	max.partition.fetch.bytes = 1048576
	max.poll.interval.ms = 300000
	max.poll.records = 10
	metadata.max.age.ms = 300000
	metric.reporters = []
	metrics.num.samples = 2
	metrics.recording.level = INFO
	metrics.sample.window.ms = 30000
	partition.assignment.strategy = [class org.apache.kafka.clients.consumer.RangeAssignor, class org.apache.kafka.clients.consumer.CooperativeStickyAssignor]
	receive.buffer.bytes = 65536
	reconnect.backoff.max.ms = 1000
	reconnect.backoff.ms = 50
	request.timeout.ms = 30000
	retry.backoff.ms = 100
	sasl.client.callback.handler.class = null
	sasl.jaas.config = null
	sasl.kerberos.kinit.cmd = /usr/bin/kinit
	sasl.kerberos.min.time.before.relogin = 60000
	sasl.kerberos.service.name = null
	sasl.kerberos.ticket.renew.jitter = 0.05
	sasl.kerberos.ticket.renew.window.factor = 0.8
	sasl.login.callback.handler.class = null
	sasl.login.class = null
	sasl.login.connect.timeout.ms = null
	sasl.login.read.timeout.ms = null
	sasl.login.refresh.buffer.seconds = 300
	sasl.login.refresh.min.period.seconds = 60
	sasl.login.refresh.window.factor = 0.8
	sasl.login.refresh.window.jitter = 0.05
	sasl.login.retry.backoff.max.ms = 10000
	sasl.login.retry.backoff.ms = 100
	sasl.mechanism = GSSAPI
	sasl.oauthbearer.clock.skew.seconds = 30
	sasl.oauthbearer.expected.audience = null
	sasl.oauthbearer.expected.issuer = null
	sasl.oauthbearer.jwks.endpoint.refresh.ms = 3600000
	sasl.oauthbearer.jwks.endpoint.retry.backoff.max.ms = 10000
	sasl.oauthbearer.jwks.endpoint.retry.backoff.ms = 100
	sasl.oauthbearer.jwks.endpoint.url = null
	sasl.oauthbearer.scope.claim.name = scope
	sasl.oauthbearer.sub.claim.name = sub
	sasl.oauthbearer.token.endpoint.url = null
	security.protocol = PLAINTEXT
	security.providers = null
	send.buffer.bytes = 131072
	session.timeout.ms = 30000
	socket.connection.setup.timeout.max.ms = 30000
	socket.connection.setup.timeout.ms = 10000
	ssl.cipher.suites = null
	ssl.enabled.protocols = [TLSv1.2, TLSv1.3]
	ssl.endpoint.identification.algorithm = https
	ssl.engine.factory.class = null
	ssl.key.password = null
	ssl.keymanager.algorithm = SunX509
	ssl.keystore.certificate.chain = null
	ssl.keystore.key = null
	ssl.keystore.location = null
	ssl.keystore.password = null
	ssl.keystore.type = JKS
	ssl.protocol = TLSv1.3
	ssl.provider = null
	ssl.secure.random.implementation = null
	ssl.trustmanager.algorithm = PKIX
	ssl.truststore.certificates = null
	ssl.truststore.location = null
	ssl.truststore.password = null
	ssl.truststore.type = JKS
	value.deserializer = class org.apache.kafka.common.serialization.StringDeserializer

18:16:59.414 [main] INFO  o.a.kafka.common.utils.AppInfoParser - Kafka version: 3.6.0
18:16:59.414 [main] INFO  o.a.kafka.common.utils.AppInfoParser - Kafka commitId: 60e845626d8a465a
18:16:59.415 [main] INFO  o.a.kafka.common.utils.AppInfoParser - Kafka startTimeMs: 1756761419413
18:16:59.433 [main] INFO  c.i.m.c.CentralInventoryServiceApplicationTest - Started CentralInventoryServiceApplicationTest in 8.035 seconds (process running for 9.447)
]]></system-out>
    <system-err><![CDATA[WARNING: A Java agent has been loaded dynamically (/Users/renan.lima/.m2/repository/net/bytebuddy/byte-buddy-agent/1.14.10/byte-buddy-agent-1.14.10.jar)
WARNING: If a serviceability tool is in use, please run with -XX:+EnableDynamicAgentLoading to hide this warning
WARNING: If a serviceability tool is not in use, please run with -Djdk.instrument.traceUsage for more information
WARNING: Dynamic loading of agents will be disallowed by default in a future release
]]></system-err>
  </testcase>
  <testcase name="shouldLoadApplicationContextSuccessfully" classname="com.inventory.management.central.CentralInventoryServiceApplicationTest" time="0.003"/>
</testsuite>