<?xml version="1.0" encoding="UTF-8"?>
<testsuite xmlns:xsi="http://www.w3.org/2001/XMLSchema-instance" xsi:noNamespaceSchemaLocation="https://maven.apache.org/surefire/maven-surefire-plugin/xsd/surefire-test-report-3.0.xsd" version="3.0" name="com.inventory.management.central.domain.model.InventoryEventAdditionalTest" time="0.015" tests="14" errors="0" skipped="0" failures="0">
  <properties>
[...]
</properties>
  <testcase name="setProcessedAt_ShouldSetValue" classname="com.inventory.management.central.domain.model.InventoryEventAdditionalTest" time="0.0"/>
  <testcase name="builder_ToString_ShouldGenerateString" classname="com.inventory.management.central.domain.model.InventoryEventAdditionalTest" time="0.003"/>
  <testcase name="equals_WithDifferentObjects_ShouldReturnFalse" classname="com.inventory.management.central.domain.model.InventoryEventAdditionalTest" time="0.001"/>
  <testcase name="setReservedQuantity_ShouldSetValue" classname="com.inventory.management.central.domain.model.InventoryEventAdditionalTest" time="0.0"/>
  <testcase name="builder_AllMethods_ShouldWork" classname="com.inventory.management.central.domain.model.InventoryEventAdditionalTest" time="0.001"/>
  <testcase name="isValid_WithInvalidFields_ShouldReturnFalse" classname="com.inventory.management.central.domain.model.InventoryEventAdditionalTest" time="0.0"/>
  <testcase name="equals_WithEqualObjects_ShouldReturnTrue" classname="com.inventory.management.central.domain.model.InventoryEventAdditionalTest" time="0.0"/>
  <testcase name="isValid_WithAllValidFields_ShouldReturnTrue" classname="com.inventory.management.central.domain.model.InventoryEventAdditionalTest" time="0.001"/>
  <testcase name="setErrorMessage_ShouldSetValue" classname="com.inventory.management.central.domain.model.InventoryEventAdditionalTest" time="0.0"/>
  <testcase name="setDetails_ShouldSetValue" classname="com.inventory.management.central.domain.model.InventoryEventAdditionalTest" time="0.0"/>
  <testcase name="getQuantityDifference_ShouldCalculateCorrectly" classname="com.inventory.management.central.domain.model.InventoryEventAdditionalTest" time="0.001"/>
  <testcase name="defaultConstructor_ShouldCreateEmptyObject" classname="com.inventory.management.central.domain.model.InventoryEventAdditionalTest" time="0.001"/>
  <testcase name="setProcessingStatus_ShouldSetValue" classname="com.inventory.management.central.domain.model.InventoryEventAdditionalTest" time="0.0"/>
  <testcase name="getQuantityDifference_WithNullValues_ShouldReturnZero" classname="com.inventory.management.central.domain.model.InventoryEventAdditionalTest" time="0.0"/>
</testsuite>