<?xml version="1.0" encoding="UTF-8"?>
<testsuite xmlns:xsi="http://www.w3.org/2001/XMLSchema-instance" xsi:noNamespaceSchemaLocation="https://maven.apache.org/surefire/maven-surefire-plugin/xsd/surefire-test-report-3.0.xsd" version="3.0" name="com.inventory.management.store.cucumber.CucumberTestRunner" time="11.494" tests="24" errors="0" skipped="0" failures="9">
  <properties>
[...]
</properties>
  <testcase name="Sincronização de reserva de produto com sucesso" classname="Sincronização de Estoque em Tempo Real - Testes Integrados" time="9.195">
    <failure message="&#10;expected: 200 OK&#10; but was: 404 NOT_FOUND" type="org.opentest4j.AssertionFailedError"><![CDATA[org.opentest4j.AssertionFailedError: 

expected: 200 OK
 but was: 404 NOT_FOUND
	at java.base/java.lang.reflect.Constructor.newInstanceWithCaller(Constructor.java:502)
	at com.inventory.management.store.cucumber.stepdefinitions.IntegratedInventorySyncSteps.queOSistemaEstaRodandoComInfraestruturaCompleta(IntegratedInventorySyncSteps.java:89)
	at ✽.que o sistema está rodando com infraestrutura completa(classpath:features/integration/real-time-inventory-sync.feature:9)
]]></failure>
    <system-out><![CDATA[18:54:25.217 [main] INFO org.springframework.test.context.support.AnnotationConfigContextLoaderUtils -- Could not detect default configuration classes for test class [com.inventory.management.store.cucumber.CucumberSpringConfiguration]: CucumberSpringConfiguration does not declare any static, non-private, non-final, nested classes annotated with @Configuration.
18:54:25.324 [main] INFO org.springframework.boot.test.context.SpringBootTestContextBootstrapper -- Found @SpringBootConfiguration com.inventory.management.store.StoreServiceApplication for test class com.inventory.management.store.cucumber.CucumberSpringConfiguration

  .   ____          _            __ _ _
 /\\ / ___'_ __ _ _(_)_ __  __ _ \ \ \ \
( ( )\___ | '_ | '_| | '_ \/ _` | \ \ \ \
 \\/  ___)| |_)| | | | | || (_| |  ) ) ) )
  '  |____| .__|_| |_|_| |_\__, | / / / /
 =========|_|==============|___/=/_/_/_/
 :: Spring Boot ::                (v3.2.0)

2025-09-01T18:54:25.758-03:00  INFO 87518 --- [store-service-test] [           main] [                                                 ] c.i.m.s.c.CucumberSpringConfiguration    : Starting CucumberSpringConfiguration using Java 21.0.4 with PID 87518 (started by renan.lima in /Users/renan.lima/Documents/management-system/store-service)
2025-09-01T18:54:25.759-03:00 DEBUG 87518 --- [store-service-test] [           main] [                                                 ] c.i.m.s.c.CucumberSpringConfiguration    : Running with Spring Boot v3.2.0, Spring v6.1.1
2025-09-01T18:54:25.760-03:00  INFO 87518 --- [store-service-test] [           main] [                                                 ] c.i.m.s.c.CucumberSpringConfiguration    : The following 1 profile is active: "test"
2025-09-01T18:54:26.845-03:00  INFO 87518 --- [store-service-test] [           main] [                                                 ] .s.d.r.c.RepositoryConfigurationDelegate : Multiple Spring Data modules found, entering strict repository configuration mode
2025-09-01T18:54:26.846-03:00  INFO 87518 --- [store-service-test] [           main] [                                                 ] .s.d.r.c.RepositoryConfigurationDelegate : Bootstrapping Spring Data JPA repositories in DEFAULT mode.
2025-09-01T18:54:26.972-03:00  INFO 87518 --- [store-service-test] [           main] [                                                 ] .s.d.r.c.RepositoryConfigurationDelegate : Finished Spring Data repository scanning in 119 ms. Found 2 JPA repository interfaces.
2025-09-01T18:54:26.985-03:00  INFO 87518 --- [store-service-test] [           main] [                                                 ] .s.d.r.c.RepositoryConfigurationDelegate : Multiple Spring Data modules found, entering strict repository configuration mode
2025-09-01T18:54:26.986-03:00  INFO 87518 --- [store-service-test] [           main] [                                                 ] .s.d.r.c.RepositoryConfigurationDelegate : Bootstrapping Spring Data Redis repositories in DEFAULT mode.
2025-09-01T18:54:27.004-03:00  INFO 87518 --- [store-service-test] [           main] [                                                 ] .RepositoryConfigurationExtensionSupport : Spring Data Redis - Could not safely identify store assignment for repository candidate interface com.inventory.management.store.infrastructure.adapter.out.persistence.FailedEventRepository; If you want this repository to be a Redis repository, consider annotating your entities with one of these annotations: org.springframework.data.redis.core.RedisHash (preferred), or consider extending one of the following types with your repository: org.springframework.data.keyvalue.repository.KeyValueRepository
2025-09-01T18:54:27.004-03:00  INFO 87518 --- [store-service-test] [           main] [                                                 ] .RepositoryConfigurationExtensionSupport : Spring Data Redis - Could not safely identify store assignment for repository candidate interface com.inventory.management.store.infrastructure.adapter.out.persistence.ProductJpaRepository; If you want this repository to be a Redis repository, consider annotating your entities with one of these annotations: org.springframework.data.redis.core.RedisHash (preferred), or consider extending one of the following types with your repository: org.springframework.data.keyvalue.repository.KeyValueRepository
2025-09-01T18:54:27.004-03:00  INFO 87518 --- [store-service-test] [           main] [                                                 ] .s.d.r.c.RepositoryConfigurationDelegate : Finished Spring Data repository scanning in 11 ms. Found 0 Redis repository interfaces.
2025-09-01T18:54:27.984-03:00  INFO 87518 --- [store-service-test] [           main] [                                                 ] o.s.b.w.embedded.tomcat.TomcatWebServer  : Tomcat initialized with port 0 (http)
2025-09-01T18:54:27.993-03:00  INFO 87518 --- [store-service-test] [           main] [                                                 ] o.apache.catalina.core.StandardService   : Starting service [Tomcat]
2025-09-01T18:54:27.993-03:00  INFO 87518 --- [store-service-test] [           main] [                                                 ] o.apache.catalina.core.StandardEngine    : Starting Servlet engine: [Apache Tomcat/10.1.16]
2025-09-01T18:54:28.042-03:00  INFO 87518 --- [store-service-test] [           main] [                                                 ] o.a.c.c.C.[Tomcat].[localhost].[/]       : Initializing Spring embedded WebApplicationContext
2025-09-01T18:54:28.043-03:00  INFO 87518 --- [store-service-test] [           main] [                                                 ] w.s.c.ServletWebServerApplicationContext : Root WebApplicationContext: initialization completed in 2269 ms
2025-09-01T18:54:28.156-03:00 ERROR 87518 --- [store-service-test] [           main] [                                                 ] i.n.r.d.DnsServerAddressStreamProviders  : Unable to load io.netty.resolver.dns.macos.MacOSDnsServerAddressStreamProvider, fallback to system defaults. This may result in incorrect DNS resolutions on MacOS. Check whether you have a dependency on 'io.netty:netty-resolver-dns-native-macos'. Use DEBUG level to see the full stack: java.lang.UnsatisfiedLinkError: failed to load the required native library
2025-09-01T18:54:28.708-03:00  INFO 87518 --- [store-service-test] [           main] [                                                 ] com.zaxxer.hikari.HikariDataSource       : HikariPool-1 - Starting...
2025-09-01T18:54:28.943-03:00  INFO 87518 --- [store-service-test] [           main] [                                                 ] com.zaxxer.hikari.pool.HikariPool        : HikariPool-1 - Added connection conn0: url=jdbc:h2:mem:testdb user=SA
2025-09-01T18:54:28.945-03:00  INFO 87518 --- [store-service-test] [           main] [                                                 ] com.zaxxer.hikari.HikariDataSource       : HikariPool-1 - Start completed.
2025-09-01T18:54:28.954-03:00  INFO 87518 --- [store-service-test] [           main] [                                                 ] o.s.b.a.h2.H2ConsoleAutoConfiguration    : H2 console available at '/h2-console'. Database available at 'jdbc:h2:mem:testdb'
2025-09-01T18:54:29.049-03:00 DEBUG 87518 --- [store-service-test] [           main] [                                                 ] o.s.w.f.ServerHttpObservationFilter      : Filter 'webMvcObservationFilter' configured for use
2025-09-01T18:54:29.050-03:00 DEBUG 87518 --- [store-service-test] [           main] [                                                 ] c.i.m.s.i.filter.RateLimitFilter         : Filter 'rateLimitFilter' configured for use
2025-09-01T18:54:29.070-03:00 DEBUG 87518 --- [store-service-test] [           main] [                                                 ] o.s.jdbc.datasource.DataSourceUtils      : Fetching JDBC Connection from DataSource
2025-09-01T18:54:29.070-03:00 DEBUG 87518 --- [store-service-test] [           main] [                                                 ] o.s.jdbc.datasource.init.ScriptUtils     : Executing SQL script from class path resource [schema.sql]
2025-09-01T18:54:29.080-03:00 DEBUG 87518 --- [store-service-test] [           main] [                                                 ] o.s.jdbc.datasource.init.ScriptUtils     : 0 returned as update count for SQL: CREATE SCHEMA IF NOT EXISTS store_service
2025-09-01T18:54:29.086-03:00 DEBUG 87518 --- [store-service-test] [           main] [                                                 ] o.s.jdbc.datasource.init.ScriptUtils     : 0 returned as update count for SQL: CREATE TABLE IF NOT EXISTS store_service.products ( id UUID PRIMARY KEY, sku VARCHAR(100) NOT NULL, name VARCHAR(255) NOT NULL, description TEXT, price DECIMAL(19,2) NOT NULL, quantity INTEGER NOT NULL DEFAULT 0, reserved_quantity INTEGER NOT NULL DEFAULT 0, updated_at TIMESTAMP NOT NULL DEFAULT CURRENT_TIMESTAMP, store_id VARCHAR(50) NOT NULL, active BOOLEAN NOT NULL DEFAULT true, CONSTRAINT uk_products_sku_store UNIQUE (sku, store_id) )
2025-09-01T18:54:29.086-03:00 DEBUG 87518 --- [store-service-test] [           main] [                                                 ] o.s.jdbc.datasource.init.ScriptUtils     : 0 returned as update count for SQL: CREATE INDEX IF NOT EXISTS idx_store_sku ON store_service.products(store_id, sku)
2025-09-01T18:54:29.087-03:00 DEBUG 87518 --- [store-service-test] [           main] [                                                 ] o.s.jdbc.datasource.init.ScriptUtils     : 0 returned as update count for SQL: CREATE INDEX IF NOT EXISTS idx_store_name ON store_service.products(store_id, name)
2025-09-01T18:54:29.087-03:00 DEBUG 87518 --- [store-service-test] [           main] [                                                 ] o.s.jdbc.datasource.init.ScriptUtils     : 0 returned as update count for SQL: CREATE INDEX IF NOT EXISTS idx_active ON store_service.products(active)
2025-09-01T18:54:29.089-03:00 DEBUG 87518 --- [store-service-test] [           main] [                                                 ] o.s.jdbc.datasource.init.ScriptUtils     : Executed SQL script from class path resource [schema.sql] in 18 ms.
2025-09-01T18:54:29.179-03:00  INFO 87518 --- [store-service-test] [           main] [                                                 ] o.hibernate.jpa.internal.util.LogHelper  : HHH000204: Processing PersistenceUnitInfo [name: default]
2025-09-01T18:54:29.226-03:00  INFO 87518 --- [store-service-test] [           main] [                                                 ] org.hibernate.Version                    : HHH000412: Hibernate ORM core version 6.3.1.Final
2025-09-01T18:54:29.253-03:00  INFO 87518 --- [store-service-test] [           main] [                                                 ] o.h.c.internal.RegionFactoryInitiator    : HHH000026: Second-level cache disabled
2025-09-01T18:54:29.451-03:00  INFO 87518 --- [store-service-test] [           main] [                                                 ] o.s.o.j.p.SpringPersistenceUnitInfo      : No LoadTimeWeaver setup: ignoring JPA class transformer
2025-09-01T18:54:29.497-03:00  WARN 87518 --- [store-service-test] [           main] [                                                 ] org.hibernate.orm.deprecation            : HHH90000025: H2Dialect does not need to be specified explicitly using 'hibernate.dialect' (remove the property setting and it will be selected by default)
2025-09-01T18:54:30.486-03:00  INFO 87518 --- [store-service-test] [           main] [                                                 ] o.h.e.t.j.p.i.JtaPlatformInitiator       : HHH000489: No JTA platform available (set 'hibernate.transaction.jta.platform' to enable JTA platform integration)
2025-09-01T18:54:30.488-03:00  INFO 87518 --- [store-service-test] [           main] [                                                 ] j.LocalContainerEntityManagerFactoryBean : Initialized JPA EntityManagerFactory for persistence unit 'default'
2025-09-01T18:54:30.799-03:00  INFO 87518 --- [store-service-test] [           main] [                                                 ] o.s.d.j.r.query.QueryEnhancerFactory     : Hibernate is in classpath; If applicable, HQL parser will be used.
2025-09-01T18:54:31.926-03:00  WARN 87518 --- [store-service-test] [           main] [                                                 ] JpaBaseConfiguration$JpaWebConfiguration : spring.jpa.open-in-view is enabled by default. Therefore, database queries may be performed during view rendering. Explicitly configure spring.jpa.open-in-view to disable this warning
2025-09-01T18:54:32.144-03:00 DEBUG 87518 --- [store-service-test] [           main] [                                                 ] s.w.s.m.m.a.RequestMappingHandlerMapping : 23 mappings in 'requestMappingHandlerMapping'
2025-09-01T18:54:32.229-03:00 DEBUG 87518 --- [store-service-test] [           main] [                                                 ] o.s.w.s.handler.SimpleUrlHandlerMapping  : Patterns [/webjars/**, /**, /swagger-ui*/*swagger-initializer.js, /swagger-ui*/**] in 'resourceHandlerMapping'
2025-09-01T18:54:32.322-03:00 DEBUG 87518 --- [store-service-test] [           main] [                                                 ] s.w.s.m.m.a.RequestMappingHandlerAdapter : ControllerAdvice beans: 0 @ModelAttribute, 0 @InitBinder, 1 RequestBodyAdvice, 1 ResponseBodyAdvice
2025-09-01T18:54:32.364-03:00 DEBUG 87518 --- [store-service-test] [           main] [                                                 ] .m.m.a.ExceptionHandlerExceptionResolver : ControllerAdvice beans: 1 @ExceptionHandler, 1 ResponseBodyAdvice
2025-09-01T18:54:33.332-03:00  INFO 87518 --- [store-service-test] [           main] [                                                 ] o.s.b.a.e.web.EndpointLinksResolver      : Exposing 1 endpoint(s) beneath base path '/actuator'
2025-09-01T18:54:33.419-03:00  INFO 87518 --- [store-service-test] [           main] [                                                 ] o.s.b.w.embedded.tomcat.TomcatWebServer  : Tomcat started on port 56137 (http) with context path ''
2025-09-01T18:54:33.446-03:00  INFO 87518 --- [store-service-test] [           main] [                                                 ] c.i.m.s.c.CucumberSpringConfiguration    : Started CucumberSpringConfiguration in 8.017 seconds (process running for 9.859)
2025-09-01T18:54:33.532-03:00 DEBUG 87518 --- [store-service-test] [   scheduling-1] [68b61619c554c32be889cd6f5684a574-e889cd6f5684a574] org.hibernate.SQL                        : select fe1_0.id,fe1_0.created_at,fe1_0.event_id,fe1_0.event_payload,fe1_0.event_type,fe1_0.last_error,fe1_0.last_retry_at,fe1_0.max_retries,fe1_0.next_retry_at,fe1_0.partition_key,fe1_0.retry_count,fe1_0.status,fe1_0.topic from store_service.failed_events fe1_0 where fe1_0.status='PENDING' and fe1_0.next_retry_at<=? and fe1_0.retry_count<fe1_0.max_retries order by fe1_0.next_retry_at
2025-09-01T18:54:33.539-03:00  WARN 87518 --- [store-service-test] [   scheduling-1] [68b61619c554c32be889cd6f5684a574-e889cd6f5684a574] o.h.engine.jdbc.spi.SqlExceptionHelper   : SQL Error: 42102, SQLState: 42S02
2025-09-01T18:54:33.539-03:00 ERROR 87518 --- [store-service-test] [   scheduling-1] [68b61619c554c32be889cd6f5684a574-e889cd6f5684a574] o.h.engine.jdbc.spi.SqlExceptionHelper   : Table "failed_events" not found; SQL statement:
select fe1_0.id,fe1_0.created_at,fe1_0.event_id,fe1_0.event_payload,fe1_0.event_type,fe1_0.last_error,fe1_0.last_retry_at,fe1_0.max_retries,fe1_0.next_retry_at,fe1_0.partition_key,fe1_0.retry_count,fe1_0.status,fe1_0.topic from store_service.failed_events fe1_0 where fe1_0.status='PENDING' and fe1_0.next_retry_at<=? and fe1_0.retry_count<fe1_0.max_retries order by fe1_0.next_retry_at [42102-224]
2025-09-01T18:54:33.552-03:00 ERROR 87518 --- [store-service-test] [   scheduling-1] [                                                 ] o.s.s.s.TaskUtils$LoggingErrorHandler    : Unexpected error occurred in scheduled task

org.springframework.dao.InvalidDataAccessResourceUsageException: could not prepare statement [Table "failed_events" not found; SQL statement:
select fe1_0.id,fe1_0.created_at,fe1_0.event_id,fe1_0.event_payload,fe1_0.event_type,fe1_0.last_error,fe1_0.last_retry_at,fe1_0.max_retries,fe1_0.next_retry_at,fe1_0.partition_key,fe1_0.retry_count,fe1_0.status,fe1_0.topic from store_service.failed_events fe1_0 where fe1_0.status='PENDING' and fe1_0.next_retry_at<=? and fe1_0.retry_count<fe1_0.max_retries order by fe1_0.next_retry_at [42102-224]] [select fe1_0.id,fe1_0.created_at,fe1_0.event_id,fe1_0.event_payload,fe1_0.event_type,fe1_0.last_error,fe1_0.last_retry_at,fe1_0.max_retries,fe1_0.next_retry_at,fe1_0.partition_key,fe1_0.retry_count,fe1_0.status,fe1_0.topic from store_service.failed_events fe1_0 where fe1_0.status='PENDING' and fe1_0.next_retry_at<=? and fe1_0.retry_count<fe1_0.max_retries order by fe1_0.next_retry_at]; SQL [select fe1_0.id,fe1_0.created_at,fe1_0.event_id,fe1_0.event_payload,fe1_0.event_type,fe1_0.last_error,fe1_0.last_retry_at,fe1_0.max_retries,fe1_0.next_retry_at,fe1_0.partition_key,fe1_0.retry_count,fe1_0.status,fe1_0.topic from store_service.failed_events fe1_0 where fe1_0.status='PENDING' and fe1_0.next_retry_at<=? and fe1_0.retry_count<fe1_0.max_retries order by fe1_0.next_retry_at]
	at org.springframework.orm.jpa.vendor.HibernateJpaDialect.convertHibernateAccessException(HibernateJpaDialect.java:277) ~[spring-orm-6.1.1.jar:6.1.1]
	at org.springframework.orm.jpa.vendor.HibernateJpaDialect.translateExceptionIfPossible(HibernateJpaDialect.java:241) ~[spring-orm-6.1.1.jar:6.1.1]
	at org.springframework.orm.jpa.AbstractEntityManagerFactoryBean.translateExceptionIfPossible(AbstractEntityManagerFactoryBean.java:550) ~[spring-orm-6.1.1.jar:6.1.1]
	at org.springframework.dao.support.ChainedPersistenceExceptionTranslator.translateExceptionIfPossible(ChainedPersistenceExceptionTranslator.java:61) ~[spring-tx-6.1.1.jar:6.1.1]
	at org.springframework.dao.support.DataAccessUtils.translateIfNecessary(DataAccessUtils.java:335) ~[spring-tx-6.1.1.jar:6.1.1]
	at org.springframework.dao.support.PersistenceExceptionTranslationInterceptor.invoke(PersistenceExceptionTranslationInterceptor.java:152) ~[spring-tx-6.1.1.jar:6.1.1]
	at org.springframework.aop.framework.ReflectiveMethodInvocation.proceed(ReflectiveMethodInvocation.java:184) ~[spring-aop-6.1.1.jar:6.1.1]
	at org.springframework.data.jpa.repository.support.CrudMethodMetadataPostProcessor$CrudMethodMetadataPopulatingMethodInterceptor.invoke(CrudMethodMetadataPostProcessor.java:135) ~[spring-data-jpa-3.2.0.jar:3.2.0]
	at org.springframework.aop.framework.ReflectiveMethodInvocation.proceed(ReflectiveMethodInvocation.java:184) ~[spring-aop-6.1.1.jar:6.1.1]
	at org.springframework.aop.interceptor.ExposeInvocationInterceptor.invoke(ExposeInvocationInterceptor.java:97) ~[spring-aop-6.1.1.jar:6.1.1]
	at org.springframework.aop.framework.ReflectiveMethodInvocation.proceed(ReflectiveMethodInvocation.java:184) ~[spring-aop-6.1.1.jar:6.1.1]
	at org.springframework.aop.framework.JdkDynamicAopProxy.invoke(JdkDynamicAopProxy.java:249) ~[spring-aop-6.1.1.jar:6.1.1]
	at jdk.proxy2/jdk.proxy2.$Proxy188.findEventsReadyForRetry(Unknown Source) ~[na:na]
	at com.inventory.management.store.infrastructure.service.EventResilienceService.processFailedEventsRetry(EventResilienceService.java:72) ~[classes/:na]
	at java.base/jdk.internal.reflect.DirectMethodHandleAccessor.invoke(DirectMethodHandleAccessor.java:103) ~[na:na]
	at java.base/java.lang.reflect.Method.invoke(Method.java:580) ~[na:na]
	at org.springframework.aop.support.AopUtils.invokeJoinpointUsingReflection(AopUtils.java:352) ~[spring-aop-6.1.1.jar:6.1.1]
	at org.springframework.aop.framework.ReflectiveMethodInvocation.invokeJoinpoint(ReflectiveMethodInvocation.java:196) ~[spring-aop-6.1.1.jar:6.1.1]
	at org.springframework.aop.framework.ReflectiveMethodInvocation.proceed(ReflectiveMethodInvocation.java:163) ~[spring-aop-6.1.1.jar:6.1.1]
	at org.springframework.aop.framework.CglibAopProxy$CglibMethodInvocation.proceed(CglibAopProxy.java:765) ~[spring-aop-6.1.1.jar:6.1.1]
	at org.springframework.transaction.interceptor.TransactionInterceptor$1.proceedWithInvocation(TransactionInterceptor.java:123) ~[spring-tx-6.1.1.jar:6.1.1]
	at org.springframework.transaction.interceptor.TransactionAspectSupport.invokeWithinTransaction(TransactionAspectSupport.java:385) ~[spring-tx-6.1.1.jar:6.1.1]
	at org.springframework.transaction.interceptor.TransactionInterceptor.invoke(TransactionInterceptor.java:119) ~[spring-tx-6.1.1.jar:6.1.1]
	at org.springframework.aop.framework.ReflectiveMethodInvocation.proceed(ReflectiveMethodInvocation.java:184) ~[spring-aop-6.1.1.jar:6.1.1]
	at org.springframework.aop.framework.CglibAopProxy$CglibMethodInvocation.proceed(CglibAopProxy.java:765) ~[spring-aop-6.1.1.jar:6.1.1]
	at org.springframework.aop.framework.CglibAopProxy$DynamicAdvisedInterceptor.intercept(CglibAopProxy.java:717) ~[spring-aop-6.1.1.jar:6.1.1]
	at com.inventory.management.store.infrastructure.service.EventResilienceService$$SpringCGLIB$$0.processFailedEventsRetry(<generated>) ~[classes/:na]
	at java.base/jdk.internal.reflect.DirectMethodHandleAccessor.invoke(DirectMethodHandleAccessor.java:103) ~[na:na]
	at java.base/java.lang.reflect.Method.invoke(Method.java:580) ~[na:na]
	at org.springframework.scheduling.support.ScheduledMethodRunnable.runInternal(ScheduledMethodRunnable.java:130) ~[spring-context-6.1.1.jar:6.1.1]
	at org.springframework.scheduling.support.ScheduledMethodRunnable.lambda$run$2(ScheduledMethodRunnable.java:124) ~[spring-context-6.1.1.jar:6.1.1]
	at io.micrometer.observation.Observation.observe(Observation.java:499) ~[micrometer-observation-1.12.0.jar:1.12.0]
	at org.springframework.scheduling.support.ScheduledMethodRunnable.run(ScheduledMethodRunnable.java:124) ~[spring-context-6.1.1.jar:6.1.1]
	at org.springframework.scheduling.support.DelegatingErrorHandlingRunnable.run(DelegatingErrorHandlingRunnable.java:54) ~[spring-context-6.1.1.jar:6.1.1]
	at java.base/java.util.concurrent.Executors$RunnableAdapter.call(Executors.java:572) ~[na:na]
	at java.base/java.util.concurrent.FutureTask.runAndReset(FutureTask.java:358) ~[na:na]
	at java.base/java.util.concurrent.ScheduledThreadPoolExecutor$ScheduledFutureTask.run(ScheduledThreadPoolExecutor.java:305) ~[na:na]
	at java.base/java.util.concurrent.ThreadPoolExecutor.runWorker(ThreadPoolExecutor.java:1144) ~[na:na]
	at java.base/java.util.concurrent.ThreadPoolExecutor$Worker.run(ThreadPoolExecutor.java:642) ~[na:na]
	at java.base/java.lang.Thread.run(Thread.java:1583) ~[na:na]
Caused by: org.hibernate.exception.SQLGrammarException: could not prepare statement [Table "failed_events" not found; SQL statement:
select fe1_0.id,fe1_0.created_at,fe1_0.event_id,fe1_0.event_payload,fe1_0.event_type,fe1_0.last_error,fe1_0.last_retry_at,fe1_0.max_retries,fe1_0.next_retry_at,fe1_0.partition_key,fe1_0.retry_count,fe1_0.status,fe1_0.topic from store_service.failed_events fe1_0 where fe1_0.status='PENDING' and fe1_0.next_retry_at<=? and fe1_0.retry_count<fe1_0.max_retries order by fe1_0.next_retry_at [42102-224]] [select fe1_0.id,fe1_0.created_at,fe1_0.event_id,fe1_0.event_payload,fe1_0.event_type,fe1_0.last_error,fe1_0.last_retry_at,fe1_0.max_retries,fe1_0.next_retry_at,fe1_0.partition_key,fe1_0.retry_count,fe1_0.status,fe1_0.topic from store_service.failed_events fe1_0 where fe1_0.status='PENDING' and fe1_0.next_retry_at<=? and fe1_0.retry_count<fe1_0.max_retries order by fe1_0.next_retry_at]
	at org.hibernate.exception.internal.SQLExceptionTypeDelegate.convert(SQLExceptionTypeDelegate.java:66) ~[hibernate-core-6.3.1.Final.jar:6.3.1.Final]
	at org.hibernate.exception.internal.StandardSQLExceptionConverter.convert(StandardSQLExceptionConverter.java:58) ~[hibernate-core-6.3.1.Final.jar:6.3.1.Final]
	at org.hibernate.engine.jdbc.spi.SqlExceptionHelper.convert(SqlExceptionHelper.java:108) ~[hibernate-core-6.3.1.Final.jar:6.3.1.Final]
	at org.hibernate.engine.jdbc.internal.StatementPreparerImpl$StatementPreparationTemplate.prepareStatement(StatementPreparerImpl.java:187) ~[hibernate-core-6.3.1.Final.jar:6.3.1.Final]
	at org.hibernate.engine.jdbc.internal.StatementPreparerImpl.prepareQueryStatement(StatementPreparerImpl.java:152) ~[hibernate-core-6.3.1.Final.jar:6.3.1.Final]
	at org.hibernate.sql.exec.internal.JdbcSelectExecutorStandardImpl.lambda$list$0(JdbcSelectExecutorStandardImpl.java:102) ~[hibernate-core-6.3.1.Final.jar:6.3.1.Final]
	at org.hibernate.sql.results.jdbc.internal.DeferredResultSetAccess.executeQuery(DeferredResultSetAccess.java:227) ~[hibernate-core-6.3.1.Final.jar:6.3.1.Final]
	at org.hibernate.sql.results.jdbc.internal.DeferredResultSetAccess.getResultSet(DeferredResultSetAccess.java:164) ~[hibernate-core-6.3.1.Final.jar:6.3.1.Final]
	at org.hibernate.sql.results.jdbc.internal.JdbcValuesResultSetImpl.advanceNext(JdbcValuesResultSetImpl.java:218) ~[hibernate-core-6.3.1.Final.jar:6.3.1.Final]
	at org.hibernate.sql.results.jdbc.internal.JdbcValuesResultSetImpl.processNext(JdbcValuesResultSetImpl.java:98) ~[hibernate-core-6.3.1.Final.jar:6.3.1.Final]
	at org.hibernate.sql.results.jdbc.internal.AbstractJdbcValues.next(AbstractJdbcValues.java:19) ~[hibernate-core-6.3.1.Final.jar:6.3.1.Final]
	at org.hibernate.sql.results.internal.RowProcessingStateStandardImpl.next(RowProcessingStateStandardImpl.java:66) ~[hibernate-core-6.3.1.Final.jar:6.3.1.Final]
	at org.hibernate.sql.results.spi.ListResultsConsumer.consume(ListResultsConsumer.java:200) ~[hibernate-core-6.3.1.Final.jar:6.3.1.Final]
	at org.hibernate.sql.results.spi.ListResultsConsumer.consume(ListResultsConsumer.java:33) ~[hibernate-core-6.3.1.Final.jar:6.3.1.Final]
	at org.hibernate.sql.exec.internal.JdbcSelectExecutorStandardImpl.doExecuteQuery(JdbcSelectExecutorStandardImpl.java:361) ~[hibernate-core-6.3.1.Final.jar:6.3.1.Final]
	at org.hibernate.sql.exec.internal.JdbcSelectExecutorStandardImpl.executeQuery(JdbcSelectExecutorStandardImpl.java:168) ~[hibernate-core-6.3.1.Final.jar:6.3.1.Final]
	at org.hibernate.sql.exec.internal.JdbcSelectExecutorStandardImpl.list(JdbcSelectExecutorStandardImpl.java:93) ~[hibernate-core-6.3.1.Final.jar:6.3.1.Final]
	at org.hibernate.sql.exec.spi.JdbcSelectExecutor.list(JdbcSelectExecutor.java:31) ~[hibernate-core-6.3.1.Final.jar:6.3.1.Final]
	at org.hibernate.query.sqm.internal.ConcreteSqmSelectQueryPlan.lambda$new$0(ConcreteSqmSelectQueryPlan.java:109) ~[hibernate-core-6.3.1.Final.jar:6.3.1.Final]
	at org.hibernate.query.sqm.internal.ConcreteSqmSelectQueryPlan.withCacheableSqmInterpretation(ConcreteSqmSelectQueryPlan.java:305) ~[hibernate-core-6.3.1.Final.jar:6.3.1.Final]
	at org.hibernate.query.sqm.internal.ConcreteSqmSelectQueryPlan.performList(ConcreteSqmSelectQueryPlan.java:246) ~[hibernate-core-6.3.1.Final.jar:6.3.1.Final]
	at org.hibernate.query.sqm.internal.QuerySqmImpl.doList(QuerySqmImpl.java:509) ~[hibernate-core-6.3.1.Final.jar:6.3.1.Final]
	at org.hibernate.query.spi.AbstractSelectionQuery.list(AbstractSelectionQuery.java:427) ~[hibernate-core-6.3.1.Final.jar:6.3.1.Final]
	at org.hibernate.query.Query.getResultList(Query.java:120) ~[hibernate-core-6.3.1.Final.jar:6.3.1.Final]
	at org.springframework.data.jpa.repository.query.JpaQueryExecution$CollectionExecution.doExecute(JpaQueryExecution.java:129) ~[spring-data-jpa-3.2.0.jar:3.2.0]
	at org.springframework.data.jpa.repository.query.JpaQueryExecution.execute(JpaQueryExecution.java:92) ~[spring-data-jpa-3.2.0.jar:3.2.0]
	at org.springframework.data.jpa.repository.query.AbstractJpaQuery.doExecute(AbstractJpaQuery.java:149) ~[spring-data-jpa-3.2.0.jar:3.2.0]
	at org.springframework.data.jpa.repository.query.AbstractJpaQuery.execute(AbstractJpaQuery.java:137) ~[spring-data-jpa-3.2.0.jar:3.2.0]
	at org.springframework.data.repository.core.support.RepositoryMethodInvoker.doInvoke(RepositoryMethodInvoker.java:170) ~[spring-data-commons-3.2.0.jar:3.2.0]
	at org.springframework.data.repository.core.support.RepositoryMethodInvoker.invoke(RepositoryMethodInvoker.java:158) ~[spring-data-commons-3.2.0.jar:3.2.0]
	at org.springframework.data.repository.core.support.QueryExecutorMethodInterceptor.doInvoke(QueryExecutorMethodInterceptor.java:164) ~[spring-data-commons-3.2.0.jar:3.2.0]
	at org.springframework.data.repository.core.support.QueryExecutorMethodInterceptor.invoke(QueryExecutorMethodInterceptor.java:143) ~[spring-data-commons-3.2.0.jar:3.2.0]
	at org.springframework.aop.framework.ReflectiveMethodInvocation.proceed(ReflectiveMethodInvocation.java:184) ~[spring-aop-6.1.1.jar:6.1.1]
	at org.springframework.data.projection.DefaultMethodInvokingMethodInterceptor.invoke(DefaultMethodInvokingMethodInterceptor.java:70) ~[spring-data-commons-3.2.0.jar:3.2.0]
	at org.springframework.aop.framework.ReflectiveMethodInvocation.proceed(ReflectiveMethodInvocation.java:184) ~[spring-aop-6.1.1.jar:6.1.1]
	at org.springframework.transaction.interceptor.TransactionInterceptor$1.proceedWithInvocation(TransactionInterceptor.java:123) ~[spring-tx-6.1.1.jar:6.1.1]
	at org.springframework.transaction.interceptor.TransactionAspectSupport.invokeWithinTransaction(TransactionAspectSupport.java:385) ~[spring-tx-6.1.1.jar:6.1.1]
	at org.springframework.transaction.interceptor.TransactionInterceptor.invoke(TransactionInterceptor.java:119) ~[spring-tx-6.1.1.jar:6.1.1]
	at org.springframework.aop.framework.ReflectiveMethodInvocation.proceed(ReflectiveMethodInvocation.java:184) ~[spring-aop-6.1.1.jar:6.1.1]
	at org.springframework.dao.support.PersistenceExceptionTranslationInterceptor.invoke(PersistenceExceptionTranslationInterceptor.java:137) ~[spring-tx-6.1.1.jar:6.1.1]
	... 34 common frames omitted
Caused by: org.h2.jdbc.JdbcSQLSyntaxErrorException: Table "failed_events" not found; SQL statement:
select fe1_0.id,fe1_0.created_at,fe1_0.event_id,fe1_0.event_payload,fe1_0.event_type,fe1_0.last_error,fe1_0.last_retry_at,fe1_0.max_retries,fe1_0.next_retry_at,fe1_0.partition_key,fe1_0.retry_count,fe1_0.status,fe1_0.topic from store_service.failed_events fe1_0 where fe1_0.status='PENDING' and fe1_0.next_retry_at<=? and fe1_0.retry_count<fe1_0.max_retries order by fe1_0.next_retry_at [42102-224]
	at org.h2.message.DbException.getJdbcSQLException(DbException.java:514) ~[h2-2.2.224.jar:2.2.224]
	at org.h2.message.DbException.getJdbcSQLException(DbException.java:489) ~[h2-2.2.224.jar:2.2.224]
	at org.h2.message.DbException.get(DbException.java:223) ~[h2-2.2.224.jar:2.2.224]
	at org.h2.message.DbException.get(DbException.java:199) ~[h2-2.2.224.jar:2.2.224]
	at org.h2.command.Parser.getTableOrViewNotFoundDbException(Parser.java:8064) ~[h2-2.2.224.jar:2.2.224]
	at org.h2.command.Parser.getTableOrViewNotFoundDbException(Parser.java:8045) ~[h2-2.2.224.jar:2.2.224]
	at org.h2.command.Parser.getTableOrViewNotFoundDbException(Parser.java:8029) ~[h2-2.2.224.jar:2.2.224]
	at org.h2.command.Parser.readTableOrView(Parser.java:8024) ~[h2-2.2.224.jar:2.2.224]
	at org.h2.command.Parser.readTablePrimary(Parser.java:1788) ~[h2-2.2.224.jar:2.2.224]
	at org.h2.command.Parser.readTableReference(Parser.java:2268) ~[h2-2.2.224.jar:2.2.224]
	at org.h2.command.Parser.parseSelectFromPart(Parser.java:2718) ~[h2-2.2.224.jar:2.2.224]
	at org.h2.command.Parser.parseSelect(Parser.java:2824) ~[h2-2.2.224.jar:2.2.224]
	at org.h2.command.Parser.parseQueryPrimary(Parser.java:2708) ~[h2-2.2.224.jar:2.2.224]
	at org.h2.command.Parser.parseQueryTerm(Parser.java:2564) ~[h2-2.2.224.jar:2.2.224]
	at org.h2.command.Parser.parseQueryExpressionBody(Parser.java:2543) ~[h2-2.2.224.jar:2.2.224]
	at org.h2.command.Parser.parseQueryExpressionBodyAndEndOfQuery(Parser.java:2536) ~[h2-2.2.224.jar:2.2.224]
	at org.h2.command.Parser.parseQueryExpression(Parser.java:2529) ~[h2-2.2.224.jar:2.2.224]
	at org.h2.command.Parser.parseQuery(Parser.java:2498) ~[h2-2.2.224.jar:2.2.224]
	at org.h2.command.Parser.parsePrepared(Parser.java:627) ~[h2-2.2.224.jar:2.2.224]
	at org.h2.command.Parser.parse(Parser.java:592) ~[h2-2.2.224.jar:2.2.224]
	at org.h2.command.Parser.parse(Parser.java:564) ~[h2-2.2.224.jar:2.2.224]
	at org.h2.command.Parser.prepareCommand(Parser.java:483) ~[h2-2.2.224.jar:2.2.224]
	at org.h2.engine.SessionLocal.prepareLocal(SessionLocal.java:639) ~[h2-2.2.224.jar:2.2.224]
	at org.h2.engine.SessionLocal.prepareCommand(SessionLocal.java:559) ~[h2-2.2.224.jar:2.2.224]
	at org.h2.jdbc.JdbcConnection.prepareCommand(JdbcConnection.java:1166) ~[h2-2.2.224.jar:2.2.224]
	at org.h2.jdbc.JdbcPreparedStatement.<init>(JdbcPreparedStatement.java:93) ~[h2-2.2.224.jar:2.2.224]
	at org.h2.jdbc.JdbcConnection.prepareStatement(JdbcConnection.java:316) ~[h2-2.2.224.jar:2.2.224]
	at com.zaxxer.hikari.pool.ProxyConnection.prepareStatement(ProxyConnection.java:327) ~[HikariCP-5.0.1.jar:na]
	at com.zaxxer.hikari.pool.HikariProxyConnection.prepareStatement(HikariProxyConnection.java) ~[HikariCP-5.0.1.jar:na]
	at org.hibernate.engine.jdbc.internal.StatementPreparerImpl$5.doPrepare(StatementPreparerImpl.java:150) ~[hibernate-core-6.3.1.Final.jar:6.3.1.Final]
	at org.hibernate.engine.jdbc.internal.StatementPreparerImpl$StatementPreparationTemplate.prepareStatement(StatementPreparerImpl.java:177) ~[hibernate-core-6.3.1.Final.jar:6.3.1.Final]
	... 70 common frames omitted


@integration @integration @real-time-sync
Cenário: Sincronização de reserva de produto com sucesso                    &amp#27;[90m# features/integration/real-time-inventory-sync.feature:16&amp#27;[0m
2025-09-01T18:54:34.061-03:00  INFO 87518 --- [store-service-test] [           main] [                                                 ] c.i.m.store.cucumber.hooks.TestHooks     : 🧪 Iniciando cenário de teste Cucumber
2025-09-01T18:54:34.072-03:00 DEBUG 87518 --- [store-service-test] [           main] [                                                 ] org.hibernate.SQL                        : select pe1_0.id,pe1_0.active,pe1_0.description,pe1_0.updated_at,pe1_0.name,pe1_0.price,pe1_0.quantity,pe1_0.reserved_quantity,pe1_0.sku,pe1_0.store_id from store_service.products pe1_0
2025-09-01T18:54:34.095-03:00  INFO 87518 --- [store-service-test] [           main] [                                                 ] c.i.m.store.cucumber.hooks.TestHooks     : 🧹 Banco de dados limpo antes do cenário
2025-09-01T18:54:34.099-03:00  INFO 87518 --- [store-service-test] [           main] [                                                 ] c.i.m.s.c.hooks.IntegrationTestHooks     : === Iniciando cenário de teste integrado: Sincronização de reserva de produto com sucesso ===
2025-09-01T18:54:34.099-03:00  INFO 87518 --- [store-service-test] [           main] [                                                 ] c.i.m.s.c.hooks.IntegrationTestHooks     : Preparação do cenário concluída
2025-09-01T18:54:34.099-03:00  INFO 87518 --- [store-service-test] [           main] [                                                 ] c.i.m.s.c.hooks.IntegrationTestHooks     : Preparando cenário de sincronização em tempo real: Sincronização de reserva de produto com sucesso
2025-09-01T18:54:34.101-03:00 DEBUG 87518 --- [store-service-test] [           main] [                                                 ] o.s.jdbc.datasource.DataSourceUtils      : Setting JDBC Connection [HikariProxyConnection@1273051518 wrapping conn0: url=jdbc:h2:mem:testdb user=SA] read-only
2025-09-01T18:54:34.107-03:00 DEBUG 87518 --- [store-service-test] [           main] [                                                 ] org.hibernate.SQL                        : select count(*) from store_service.products pe1_0
2025-09-01T18:54:34.109-03:00 DEBUG 87518 --- [store-service-test] [           main] [                                                 ] o.s.jdbc.datasource.DataSourceUtils      : Resetting read-only flag of JDBC Connection [HikariProxyConnection@1273051518 wrapping conn0: url=jdbc:h2:mem:testdb user=SA]
2025-09-01T18:54:34.109-03:00 DEBUG 87518 --- [store-service-test] [           main] [                                                 ] c.i.m.s.c.hooks.IntegrationTestHooks     : PostgreSQL conectado - produtos existentes: 0
2025-09-01T18:54:34.109-03:00 DEBUG 87518 --- [store-service-test] [           main] [                                                 ] c.i.m.s.c.hooks.IntegrationTestHooks     : Modo simplificado - Redis não verificado
2025-09-01T18:54:34.109-03:00  INFO 87518 --- [store-service-test] [           main] [                                                 ] c.i.m.s.c.hooks.IntegrationTestHooks     : Infraestrutura verificada e pronta para sincronização
2025-09-01T18:54:34.151-03:00 DEBUG 87518 --- [store-service-test] [           main] [                                                 ] o.s.web.client.RestTemplate              : HTTP GET http://localhost:56137/store-service/actuator/health
2025-09-01T18:54:34.156-03:00 DEBUG 87518 --- [store-service-test] [           main] [                                                 ] o.s.web.client.RestTemplate              : Accept=[text/plain, application/json, application/*+json, */*]
2025-09-01T18:54:34.211-03:00  INFO 87518 --- [store-service-test] [o-auto-1-exec-1] [                                                 ] o.a.c.c.C.[Tomcat].[localhost].[/]       : Initializing Spring DispatcherServlet 'dispatcherServlet'
2025-09-01T18:54:34.211-03:00  INFO 87518 --- [store-service-test] [o-auto-1-exec-1] [                                                 ] o.s.web.servlet.DispatcherServlet        : Initializing Servlet 'dispatcherServlet'
2025-09-01T18:54:34.211-03:00 DEBUG 87518 --- [store-service-test] [o-auto-1-exec-1] [                                                 ] o.s.web.servlet.DispatcherServlet        : Detected StandardServletMultipartResolver
2025-09-01T18:54:34.211-03:00 DEBUG 87518 --- [store-service-test] [o-auto-1-exec-1] [                                                 ] o.s.web.servlet.DispatcherServlet        : Detected AcceptHeaderLocaleResolver
2025-09-01T18:54:34.211-03:00 DEBUG 87518 --- [store-service-test] [o-auto-1-exec-1] [                                                 ] o.s.web.servlet.DispatcherServlet        : Detected FixedThemeResolver
2025-09-01T18:54:34.212-03:00 DEBUG 87518 --- [store-service-test] [o-auto-1-exec-1] [                                                 ] o.s.web.servlet.DispatcherServlet        : Detected org.springframework.web.servlet.view.DefaultRequestToViewNameTranslator@1a880ac9
2025-09-01T18:54:34.212-03:00 DEBUG 87518 --- [store-service-test] [o-auto-1-exec-1] [                                                 ] o.s.web.servlet.DispatcherServlet        : Detected org.springframework.web.servlet.support.SessionFlashMapManager@28add270
2025-09-01T18:54:34.212-03:00 DEBUG 87518 --- [store-service-test] [o-auto-1-exec-1] [                                                 ] o.s.web.servlet.DispatcherServlet        : enableLoggingRequestDetails='false': request parameters and headers will be masked to prevent unsafe logging of potentially sensitive data
2025-09-01T18:54:34.212-03:00  INFO 87518 --- [store-service-test] [o-auto-1-exec-1] [                                                 ] o.s.web.servlet.DispatcherServlet        : Completed initialization in 1 ms
2025-09-01T18:54:34.221-03:00 DEBUG 87518 --- [store-service-test] [o-auto-1-exec-1] [68b6161a05074a862b84330eb9ac95ca-62389282812e2a74] o.s.web.servlet.DispatcherServlet        : GET "/store-service/actuator/health", parameters={}
2025-09-01T18:54:34.227-03:00 DEBUG 87518 --- [store-service-test] [o-auto-1-exec-1] [68b6161a05074a862b84330eb9ac95ca-62389282812e2a74] o.s.w.s.handler.SimpleUrlHandlerMapping  : Mapped to ResourceHttpRequestHandler [classpath [META-INF/resources/], classpath [resources/], classpath [static/], classpath [public/], ServletContext [/]]
2025-09-01T18:54:34.229-03:00 DEBUG 87518 --- [store-service-test] [o-auto-1-exec-1] [68b6161a05074a862b84330eb9ac95ca-62389282812e2a74] o.s.w.s.r.ResourceHttpRequestHandler     : Resource not found
2025-09-01T18:54:34.230-03:00 DEBUG 87518 --- [store-service-test] [o-auto-1-exec-1] [68b6161a05074a862b84330eb9ac95ca-62389282812e2a74] .w.s.m.s.DefaultHandlerExceptionResolver : Resolved [org.springframework.web.servlet.resource.NoResourceFoundException: No static resource store-service/actuator/health.]
2025-09-01T18:54:34.231-03:00 DEBUG 87518 --- [store-service-test] [o-auto-1-exec-1] [68b6161a05074a862b84330eb9ac95ca-62389282812e2a74] o.s.web.servlet.DispatcherServlet        : Completed 404 NOT_FOUND
2025-09-01T18:54:34.235-03:00 DEBUG 87518 --- [store-service-test] [o-auto-1-exec-1] [                                                 ] o.s.web.servlet.DispatcherServlet        : "ERROR" dispatch for GET "/error", parameters={}
2025-09-01T18:54:34.237-03:00 DEBUG 87518 --- [store-service-test] [o-auto-1-exec-1] [                                                 ] s.w.s.m.m.a.RequestMappingHandlerMapping : Mapped to org.springframework.boot.autoconfigure.web.servlet.error.BasicErrorController#error(HttpServletRequest)
2025-09-01T18:54:34.251-03:00 DEBUG 87518 --- [store-service-test] [o-auto-1-exec-1] [                                                 ] o.s.w.s.m.m.a.HttpEntityMethodProcessor  : Using 'application/json', given [text/plain, application/json, application/*+json, */*] and supported [application/json, application/*+json]
2025-09-01T18:54:34.252-03:00 DEBUG 87518 --- [store-service-test] [o-auto-1-exec-1] [                                                 ] o.s.w.s.m.m.a.HttpEntityMethodProcessor  : Writing [{timestamp=Mon Sep 01 18:54:34 BRT 2025, status=404, error=Not Found, path=/store-service/actuator/h (truncated)...]
2025-09-01T18:54:34.281-03:00 DEBUG 87518 --- [store-service-test] [o-auto-1-exec-1] [                                                 ] o.s.web.servlet.DispatcherServlet        : Exiting from "ERROR" dispatch, status 404
2025-09-01T18:54:34.282-03:00 DEBUG 87518 --- [store-service-test] [           main] [                                                 ] o.s.web.client.RestTemplate              : Response 404 NOT_FOUND
2025-09-01T18:54:34.283-03:00 DEBUG 87518 --- [store-service-test] [           main] [                                                 ] o.s.web.client.RestTemplate              : Reading to [java.lang.String] as "application/json"
  &amp#27;[31mDado &amp#27;[0m&amp#27;[31mque o sistema está rodando com infraestrutura completa&amp#27;[0m               &amp#27;[90m# com.inventory.management.store.cucumber.stepdefinitions.IntegratedInventorySyncSteps.queOSistemaEstaRodandoComInfraestruturaCompleta()&amp#27;[0m
      &amp#27;[31morg.opentest4j.AssertionFailedError: 
expected: 200 OK
 but was: 404 NOT_FOUND
	at java.base/jdk.internal.reflect.DirectConstructorHandleAccessor.newInstance(DirectConstructorHandleAccessor.java:62)
	at java.base/java.lang.reflect.Constructor.newInstanceWithCaller(Constructor.java:502)
	at com.inventory.management.store.cucumber.stepdefinitions.IntegratedInventorySyncSteps.queOSistemaEstaRodandoComInfraestruturaCompleta(IntegratedInventorySyncSteps.java:89)
	at ✽.que o sistema está rodando com infraestrutura completa(classpath:features/integration/real-time-inventory-sync.feature:9)
&amp#27;[0m
  &amp#27;[36mE &amp#27;[0m&amp#27;[36mo banco de dados PostgreSQL está disponível&amp#27;[0m                             &amp#27;[90m# com.inventory.management.store.cucumber.stepdefinitions.IntegratedInventorySyncSteps.oBancoDeDadosPostgreSQLEstaDisponivel()&amp#27;[0m
  &amp#27;[36mE &amp#27;[0m&amp#27;[36mo cache Redis está disponível&amp#27;[0m                                           &amp#27;[90m# com.inventory.management.store.cucumber.stepdefinitions.IntegratedInventorySyncSteps.oCacheRedisEstaDisponivel()&amp#27;[0m
  &amp#27;[36mE &amp#27;[0m&amp#27;[36mo Kafka está disponível para mensageria&amp#27;[0m                                 &amp#27;[90m# com.inventory.management.store.cucumber.stepdefinitions.IntegratedInventorySyncSteps.oKafkaEstaDisponivelParaMensageria()&amp#27;[0m
  &amp#27;[36mE &amp#27;[0m&amp#27;[36mexistem produtos no estoque central&amp#27;[0m                                     &amp#27;[90m# com.inventory.management.store.cucumber.stepdefinitions.IntegratedInventorySyncSteps.existemProdutosNoEstoqueCentral()&amp#27;[0m
  &amp#27;[36mDado &amp#27;[0m&amp#27;[36mque existe um produto &amp#27;[0m&amp#27;[36m&amp#27;[1m"iPhone 15"&amp#27;[0m&amp#27;[36m com &amp#27;[0m&amp#27;[36m&amp#27;[1m10&amp#27;[0m&amp#27;[36m unidades no estoque central&amp#27;[0m &amp#27;[90m# com.inventory.management.store.cucumber.stepdefinitions.IntegratedInventorySyncSteps.queExisteUmProdutoComUnidadesNoEstoqueCentral(java.lang.String,java.lang.Integer)&amp#27;[0m
  &amp#27;[36mE &amp#27;[0m&amp#27;[36mo produto está disponível no cache Redis&amp#27;[0m                                &amp#27;[90m# com.inventory.management.store.cucumber.stepdefinitions.IntegratedInventorySyncSteps.oProdutoEstaDisponivelNoCacheRedis()&amp#27;[0m
  &amp#27;[36mQuando &amp#27;[0m&amp#27;[36meu reservo &amp#27;[0m&amp#27;[36m&amp#27;[1m3&amp#27;[0m&amp#27;[36m unidades do produto &amp#27;[0m&amp#27;[36m&amp#27;[1m"iPhone 15"&amp#27;[0m                       &amp#27;[90m# com.inventory.management.store.cucumber.stepdefinitions.IntegratedInventorySyncSteps.euReservoUnidadesDoProduto(java.lang.Integer,java.lang.String)&amp#27;[0m
  &amp#27;[36mEntão &amp#27;[0m&amp#27;[36ma reserva deve ser processada com sucesso&amp#27;[0m                           &amp#27;[90m# com.inventory.management.store.cucumber.stepdefinitions.IntegratedInventorySyncSteps.aReservaDeveSerProcessadaComSucesso()&amp#27;[0m
  &amp#27;[36mE &amp#27;[0m&amp#27;[36mo estoque deve ser atualizado para &amp#27;[0m&amp#27;[36m&amp#27;[1m7&amp#27;[0m&amp#27;[36m unidades no banco PostgreSQL&amp#27;[0m       &amp#27;[90m# com.inventory.management.store.cucumber.stepdefinitions.IntegratedInventorySyncSteps.oEstoqueDeveSerAtualizadoParaUnidadesNoBancoPostgreSQL(int)&amp#27;[0m
  &amp#27;[36mE &amp#27;[0m&amp#27;[36mo cache Redis deve refletir o novo estoque de &amp#27;[0m&amp#27;[36m&amp#27;[1m7&amp#27;[0m&amp#27;[36m unidades&amp#27;[0m                &amp#27;[90m# com.inventory.management.store.cucumber.stepdefinitions.IntegratedInventorySyncSteps.oCacheRedisDeveRefletirONovoEstoqueDe(java.lang.Integer)&amp#27;[0m
  &amp#27;[36mE &amp#27;[0m&amp#27;[36muma mensagem de atualização deve ser enviada via Kafka&amp#27;[0m                  &amp#27;[90m# com.inventory.management.store.cucumber.stepdefinitions.IntegratedInventorySyncSteps.umaMensagemDeAtualizacaoDeveSerEnviadaViaKafka()&amp#27;[0m
  &amp#27;[36mE &amp#27;[0m&amp#27;[36ma mensagem deve ser consumida pelo sistema central&amp#27;[0m                      &amp#27;[90m# com.inventory.management.store.cucumber.stepdefinitions.IntegratedInventorySyncSteps.aMensagemDeveSerConsumidaPeloSistemaCentral()&amp#27;[0m
2025-09-01T18:54:34.338-03:00  INFO 87518 --- [store-service-test] [           main] [                                                 ] c.i.m.s.c.hooks.IntegrationTestHooks     : Finalizando cenário de sincronização em tempo real: Sincronização de reserva de produto com sucesso
2025-09-01T18:54:34.338-03:00 DEBUG 87518 --- [store-service-test] [           main] [                                                 ] o.s.jdbc.datasource.DataSourceUtils      : Setting JDBC Connection [HikariProxyConnection@643896115 wrapping conn0: url=jdbc:h2:mem:testdb user=SA] read-only
2025-09-01T18:54:34.339-03:00 DEBUG 87518 --- [store-service-test] [           main] [                                                 ] org.hibernate.SQL                        : select count(*) from store_service.products pe1_0
2025-09-01T18:54:34.340-03:00 DEBUG 87518 --- [store-service-test] [           main] [                                                 ] o.s.jdbc.datasource.DataSourceUtils      : Resetting read-only flag of JDBC Connection [HikariProxyConnection@643896115 wrapping conn0: url=jdbc:h2:mem:testdb user=SA]
2025-09-01T18:54:34.340-03:00 DEBUG 87518 --- [store-service-test] [           main] [                                                 ] c.i.m.s.c.hooks.IntegrationTestHooks     : Total de produtos após sincronização: 0
2025-09-01T18:54:34.340-03:00  INFO 87518 --- [store-service-test] [           main] [                                                 ] c.i.m.s.c.hooks.IntegrationTestHooks     : Validação de sincronização concluída
2025-09-01T18:54:34.340-03:00  INFO 87518 --- [store-service-test] [           main] [                                                 ] c.i.m.s.c.hooks.IntegrationTestHooks     : === Finalizando cenário de teste integrado: Sincronização de reserva de produto com sucesso ===
2025-09-01T18:54:34.340-03:00  INFO 87518 --- [store-service-test] [           main] [                                                 ] c.i.m.s.c.hooks.IntegrationTestHooks     : Estatísticas do cenário 'Sincronização de reserva de produto com sucesso': 
2025-09-01T18:54:34.340-03:00  INFO 87518 --- [store-service-test] [           main] [                                                 ] c.i.m.s.c.hooks.IntegrationTestHooks     :   - Duração: 241ms
2025-09-01T18:54:34.341-03:00  INFO 87518 --- [store-service-test] [           main] [                                                 ] c.i.m.s.c.hooks.IntegrationTestHooks     :   - Status: FALHA
2025-09-01T18:54:34.341-03:00  INFO 87518 --- [store-service-test] [           main] [                                                 ] c.i.m.s.c.hooks.IntegrationTestHooks     :   - Tags: [@integration, @integration, @real-time-sync]
2025-09-01T18:54:34.342-03:00  INFO 87518 --- [store-service-test] [           main] [                                                 ] c.i.m.s.c.hooks.IntegrationTestHooks     :   - scenario_start_time: 1756763674099
2025-09-01T18:54:34.342-03:00 DEBUG 87518 --- [store-service-test] [           main] [                                                 ] c.i.m.s.c.hooks.IntegrationTestHooks     : Modo simplificado - limpeza Redis ignorada
2025-09-01T18:54:34.342-03:00 ERROR 87518 --- [store-service-test] [           main] [                                                 ] c.i.m.s.c.hooks.IntegrationTestHooks     : Cenário falhou: Sincronização de reserva de produto com sucesso
2025-09-01T18:54:34.342-03:00 ERROR 87518 --- [store-service-test] [           main] [                                                 ] c.i.m.s.c.hooks.IntegrationTestHooks     : Informações sobre a falha:
2025-09-01T18:54:34.342-03:00 ERROR 87518 --- [store-service-test] [           main] [                                                 ] c.i.m.s.c.hooks.IntegrationTestHooks     :   - Cenário: Sincronização de reserva de produto com sucesso
2025-09-01T18:54:34.342-03:00 ERROR 87518 --- [store-service-test] [           main] [                                                 ] c.i.m.s.c.hooks.IntegrationTestHooks     :   - URI: classpath:features/integration/real-time-inventory-sync.feature
2025-09-01T18:54:34.342-03:00 ERROR 87518 --- [store-service-test] [           main] [                                                 ] c.i.m.s.c.hooks.IntegrationTestHooks     :   - Linha: 16
2025-09-01T18:54:34.342-03:00 ERROR 87518 --- [store-service-test] [           main] [                                                 ] c.i.m.s.c.hooks.IntegrationTestHooks     :   - Dados do teste:
2025-09-01T18:54:34.342-03:00 ERROR 87518 --- [store-service-test] [           main] [                                                 ] c.i.m.s.c.hooks.IntegrationTestHooks     :     - scenario_duration_ms: 241
2025-09-01T18:54:34.342-03:00 ERROR 87518 --- [store-service-test] [           main] [                                                 ] c.i.m.s.c.hooks.IntegrationTestHooks     :     - scenario_start_time: 1756763674099
2025-09-01T18:54:34.342-03:00 ERROR 87518 --- [store-service-test] [           main] [                                                 ] c.i.m.s.c.hooks.IntegrationTestHooks     :     - scenario_name: Sincronização de reserva de produto com sucesso
2025-09-01T18:54:34.342-03:00  INFO 87518 --- [store-service-test] [           main] [                                                 ] c.i.m.store.cucumber.hooks.TestHooks     : 🧹 Finalizando cenário de teste Cucumber
2025-09-01T18:54:34.343-03:00 DEBUG 87518 --- [store-service-test] [           main] [                                                 ] org.hibernate.SQL                        : select pe1_0.id,pe1_0.active,pe1_0.description,pe1_0.updated_at,pe1_0.name,pe1_0.price,pe1_0.quantity,pe1_0.reserved_quantity,pe1_0.sku,pe1_0.store_id from store_service.products pe1_0
2025-09-01T18:54:34.344-03:00  INFO 87518 --- [store-service-test] [           main] [                                                 ] c.i.m.store.cucumber.hooks.TestHooks     : 🧹 Banco de dados limpo após o cenário
]]></system-out>
    <system-err><![CDATA[WARNING: A Java agent has been loaded dynamically (/Users/renan.lima/.m2/repository/net/bytebuddy/byte-buddy-agent/1.14.10/byte-buddy-agent-1.14.10.jar)
WARNING: If a serviceability tool is in use, please run with -XX:+EnableDynamicAgentLoading to hide this warning
WARNING: If a serviceability tool is not in use, please run with -Djdk.instrument.traceUsage for more information
WARNING: Dynamic loading of agents will be disallowed by default in a future release
]]></system-err>
  </testcase>
  <testcase name="Sincronização de cancelamento de reserva" classname="Sincronização de Estoque em Tempo Real - Testes Integrados" time="0.028">
    <failure message="&#10;expected: 200 OK&#10; but was: 404 NOT_FOUND" type="org.opentest4j.AssertionFailedError"><![CDATA[org.opentest4j.AssertionFailedError: 

expected: 200 OK
 but was: 404 NOT_FOUND
	at java.base/java.lang.reflect.Constructor.newInstanceWithCaller(Constructor.java:502)
	at com.inventory.management.store.cucumber.stepdefinitions.IntegratedInventorySyncSteps.queOSistemaEstaRodandoComInfraestruturaCompleta(IntegratedInventorySyncSteps.java:89)
	at ✽.que o sistema está rodando com infraestrutura completa(classpath:features/integration/real-time-inventory-sync.feature:9)
]]></failure>
    <system-out><![CDATA[2025-09-01T18:54:34.354-03:00  INFO 87518 --- [store-service-test] [           main] [                                                 ] t.c.s.AnnotationConfigContextLoaderUtils : Could not detect default configuration classes for test class [com.inventory.management.store.cucumber.CucumberSpringConfiguration]: CucumberSpringConfiguration does not declare any static, non-private, non-final, nested classes annotated with @Configuration.
2025-09-01T18:54:34.355-03:00  INFO 87518 --- [store-service-test] [           main] [                                                 ] .b.t.c.SpringBootTestContextBootstrapper : Found @SpringBootConfiguration com.inventory.management.store.StoreServiceApplication for test class com.inventory.management.store.cucumber.CucumberSpringConfiguration

@integration @integration @real-time-sync
Cenário: Sincronização de cancelamento de reserva                           &amp#27;[90m# features/integration/real-time-inventory-sync.feature:27&amp#27;[0m
2025-09-01T18:54:34.363-03:00  INFO 87518 --- [store-service-test] [           main] [                                                 ] c.i.m.store.cucumber.hooks.TestHooks     : 🧪 Iniciando cenário de teste Cucumber
2025-09-01T18:54:34.364-03:00 DEBUG 87518 --- [store-service-test] [           main] [                                                 ] org.hibernate.SQL                        : select pe1_0.id,pe1_0.active,pe1_0.description,pe1_0.updated_at,pe1_0.name,pe1_0.price,pe1_0.quantity,pe1_0.reserved_quantity,pe1_0.sku,pe1_0.store_id from store_service.products pe1_0
2025-09-01T18:54:34.365-03:00  INFO 87518 --- [store-service-test] [           main] [                                                 ] c.i.m.store.cucumber.hooks.TestHooks     : 🧹 Banco de dados limpo antes do cenário
2025-09-01T18:54:34.366-03:00  INFO 87518 --- [store-service-test] [           main] [                                                 ] c.i.m.s.c.hooks.IntegrationTestHooks     : === Iniciando cenário de teste integrado: Sincronização de cancelamento de reserva ===
2025-09-01T18:54:34.366-03:00  INFO 87518 --- [store-service-test] [           main] [                                                 ] c.i.m.s.c.hooks.IntegrationTestHooks     : Preparação do cenário concluída
2025-09-01T18:54:34.366-03:00  INFO 87518 --- [store-service-test] [           main] [                                                 ] c.i.m.s.c.hooks.IntegrationTestHooks     : Preparando cenário de sincronização em tempo real: Sincronização de cancelamento de reserva
2025-09-01T18:54:34.366-03:00 DEBUG 87518 --- [store-service-test] [           main] [                                                 ] o.s.jdbc.datasource.DataSourceUtils      : Setting JDBC Connection [HikariProxyConnection@673096822 wrapping conn0: url=jdbc:h2:mem:testdb user=SA] read-only
2025-09-01T18:54:34.366-03:00 DEBUG 87518 --- [store-service-test] [           main] [                                                 ] org.hibernate.SQL                        : select count(*) from store_service.products pe1_0
2025-09-01T18:54:34.367-03:00 DEBUG 87518 --- [store-service-test] [           main] [                                                 ] o.s.jdbc.datasource.DataSourceUtils      : Resetting read-only flag of JDBC Connection [HikariProxyConnection@673096822 wrapping conn0: url=jdbc:h2:mem:testdb user=SA]
2025-09-01T18:54:34.367-03:00 DEBUG 87518 --- [store-service-test] [           main] [                                                 ] c.i.m.s.c.hooks.IntegrationTestHooks     : PostgreSQL conectado - produtos existentes: 0
2025-09-01T18:54:34.367-03:00 DEBUG 87518 --- [store-service-test] [           main] [                                                 ] c.i.m.s.c.hooks.IntegrationTestHooks     : Modo simplificado - Redis não verificado
2025-09-01T18:54:34.367-03:00  INFO 87518 --- [store-service-test] [           main] [                                                 ] c.i.m.s.c.hooks.IntegrationTestHooks     : Infraestrutura verificada e pronta para sincronização
2025-09-01T18:54:34.367-03:00 DEBUG 87518 --- [store-service-test] [           main] [                                                 ] o.s.web.client.RestTemplate              : HTTP GET http://localhost:56137/store-service/actuator/health
2025-09-01T18:54:34.368-03:00 DEBUG 87518 --- [store-service-test] [           main] [                                                 ] o.s.web.client.RestTemplate              : Accept=[text/plain, application/json, application/*+json, */*]
2025-09-01T18:54:34.369-03:00 DEBUG 87518 --- [store-service-test] [o-auto-1-exec-2] [68b6161aa0584cc8a24c1fa3f804a6a9-448d157cda1c881f] o.s.web.servlet.DispatcherServlet        : GET "/store-service/actuator/health", parameters={}
2025-09-01T18:54:34.370-03:00 DEBUG 87518 --- [store-service-test] [o-auto-1-exec-2] [68b6161aa0584cc8a24c1fa3f804a6a9-448d157cda1c881f] o.s.w.s.handler.SimpleUrlHandlerMapping  : Mapped to ResourceHttpRequestHandler [classpath [META-INF/resources/], classpath [resources/], classpath [static/], classpath [public/], ServletContext [/]]
2025-09-01T18:54:34.370-03:00 DEBUG 87518 --- [store-service-test] [o-auto-1-exec-2] [68b6161aa0584cc8a24c1fa3f804a6a9-448d157cda1c881f] o.s.w.s.r.ResourceHttpRequestHandler     : Resource not found
2025-09-01T18:54:34.370-03:00 DEBUG 87518 --- [store-service-test] [o-auto-1-exec-2] [68b6161aa0584cc8a24c1fa3f804a6a9-448d157cda1c881f] .w.s.m.s.DefaultHandlerExceptionResolver : Resolved [org.springframework.web.servlet.resource.NoResourceFoundException: No static resource store-service/actuator/health.]
2025-09-01T18:54:34.370-03:00 DEBUG 87518 --- [store-service-test] [o-auto-1-exec-2] [68b6161aa0584cc8a24c1fa3f804a6a9-448d157cda1c881f] o.s.web.servlet.DispatcherServlet        : Completed 404 NOT_FOUND
2025-09-01T18:54:34.371-03:00 DEBUG 87518 --- [store-service-test] [o-auto-1-exec-2] [                                                 ] o.s.web.servlet.DispatcherServlet        : "ERROR" dispatch for GET "/error", parameters={}
2025-09-01T18:54:34.371-03:00 DEBUG 87518 --- [store-service-test] [o-auto-1-exec-2] [                                                 ] s.w.s.m.m.a.RequestMappingHandlerMapping : Mapped to org.springframework.boot.autoconfigure.web.servlet.error.BasicErrorController#error(HttpServletRequest)
2025-09-01T18:54:34.371-03:00 DEBUG 87518 --- [store-service-test] [o-auto-1-exec-2] [                                                 ] o.s.w.s.m.m.a.HttpEntityMethodProcessor  : Using 'application/json', given [text/plain, application/json, application/*+json, */*] and supported [application/json, application/*+json]
2025-09-01T18:54:34.372-03:00 DEBUG 87518 --- [store-service-test] [o-auto-1-exec-2] [                                                 ] o.s.w.s.m.m.a.HttpEntityMethodProcessor  : Writing [{timestamp=Mon Sep 01 18:54:34 BRT 2025, status=404, error=Not Found, path=/store-service/actuator/h (truncated)...]
2025-09-01T18:54:34.372-03:00 DEBUG 87518 --- [store-service-test] [o-auto-1-exec-2] [                                                 ] o.s.web.servlet.DispatcherServlet        : Exiting from "ERROR" dispatch, status 404
2025-09-01T18:54:34.372-03:00 DEBUG 87518 --- [store-service-test] [           main] [                                                 ] o.s.web.client.RestTemplate              : Response 404 NOT_FOUND
2025-09-01T18:54:34.372-03:00 DEBUG 87518 --- [store-service-test] [           main] [                                                 ] o.s.web.client.RestTemplate              : Reading to [java.lang.String] as "application/json"
  &amp#27;[31mDado &amp#27;[0m&amp#27;[31mque o sistema está rodando com infraestrutura completa&amp#27;[0m               &amp#27;[90m# com.inventory.management.store.cucumber.stepdefinitions.IntegratedInventorySyncSteps.queOSistemaEstaRodandoComInfraestruturaCompleta()&amp#27;[0m
      &amp#27;[31morg.opentest4j.AssertionFailedError: 
expected: 200 OK
 but was: 404 NOT_FOUND
	at java.base/jdk.internal.reflect.DirectConstructorHandleAccessor.newInstance(DirectConstructorHandleAccessor.java:62)
	at java.base/java.lang.reflect.Constructor.newInstanceWithCaller(Constructor.java:502)
	at com.inventory.management.store.cucumber.stepdefinitions.IntegratedInventorySyncSteps.queOSistemaEstaRodandoComInfraestruturaCompleta(IntegratedInventorySyncSteps.java:89)
	at ✽.que o sistema está rodando com infraestrutura completa(classpath:features/integration/real-time-inventory-sync.feature:9)
&amp#27;[0m
  &amp#27;[36mE &amp#27;[0m&amp#27;[36mo banco de dados PostgreSQL está disponível&amp#27;[0m                             &amp#27;[90m# com.inventory.management.store.cucumber.stepdefinitions.IntegratedInventorySyncSteps.oBancoDeDadosPostgreSQLEstaDisponivel()&amp#27;[0m
  &amp#27;[36mE &amp#27;[0m&amp#27;[36mo cache Redis está disponível&amp#27;[0m                                           &amp#27;[90m# com.inventory.management.store.cucumber.stepdefinitions.IntegratedInventorySyncSteps.oCacheRedisEstaDisponivel()&amp#27;[0m
  &amp#27;[36mE &amp#27;[0m&amp#27;[36mo Kafka está disponível para mensageria&amp#27;[0m                                 &amp#27;[90m# com.inventory.management.store.cucumber.stepdefinitions.IntegratedInventorySyncSteps.oKafkaEstaDisponivelParaMensageria()&amp#27;[0m
  &amp#27;[36mE &amp#27;[0m&amp#27;[36mexistem produtos no estoque central&amp#27;[0m                                     &amp#27;[90m# com.inventory.management.store.cucumber.stepdefinitions.IntegratedInventorySyncSteps.existemProdutosNoEstoqueCentral()&amp#27;[0m
  &amp#27;[36mDado &amp#27;[0m&amp#27;[36mque existe um produto &amp#27;[0m&amp#27;[36m&amp#27;[1m"Samsung Galaxy S24"&amp#27;[0m&amp#27;[36m com &amp#27;[0m&amp#27;[36m&amp#27;[1m5&amp#27;[0m&amp#27;[36m unidades no estoque&amp#27;[0m &amp#27;[90m# com.inventory.management.store.cucumber.stepdefinitions.IntegratedInventorySyncSteps.queExisteUmProdutoComUnidadesNoEstoque(java.lang.String,java.lang.Integer)&amp#27;[0m
  &amp#27;[36mE &amp#27;[0m&amp#27;[36mexiste uma reserva ativa de &amp#27;[0m&amp#27;[36m&amp#27;[1m2&amp#27;[0m&amp#27;[36m unidades para este produto&amp#27;[0m                &amp#27;[90m# com.inventory.management.store.cucumber.stepdefinitions.IntegratedInventorySyncSteps.existeUmaReservaAtivaDeuUnidadesParaEsteProduto(java.lang.Integer)&amp#27;[0m
  &amp#27;[36mE &amp#27;[0m&amp#27;[36mo estoque disponível é de &amp#27;[0m&amp#27;[36m&amp#27;[1m3&amp#27;[0m&amp#27;[36m unidades&amp#27;[0m                                    &amp#27;[90m# com.inventory.management.store.cucumber.stepdefinitions.IntegratedInventorySyncSteps.oEstoqueDisponivelEdeUnidades(java.lang.Integer)&amp#27;[0m
  &amp#27;[36mQuando &amp#27;[0m&amp#27;[36meu cancelo a reserva de &amp#27;[0m&amp#27;[36m&amp#27;[1m2&amp#27;[0m&amp#27;[36m unidades&amp#27;[0m                                 &amp#27;[90m# com.inventory.management.store.cucumber.stepdefinitions.IntegratedInventorySyncSteps.euCanceloAReservaDeUnidades(java.lang.Integer)&amp#27;[0m
  &amp#27;[36mEntão &amp#27;[0m&amp#27;[36ma reserva deve ser cancelada com sucesso&amp#27;[0m                            &amp#27;[90m# com.inventory.management.store.cucumber.stepdefinitions.IntegratedInventorySyncSteps.aReservaDeveSerCanceladaComSucesso()&amp#27;[0m
  &amp#27;[36mE &amp#27;[0m&amp#27;[36mo estoque deve voltar para &amp#27;[0m&amp#27;[36m&amp#27;[1m5&amp#27;[0m&amp#27;[36m unidades no banco PostgreSQL&amp#27;[0m               &amp#27;[90m# com.inventory.management.store.cucumber.stepdefinitions.IntegratedInventorySyncSteps.oEstoqueDeveVoltarParaUnidadesNoBancoPostgreSQL(java.lang.Integer)&amp#27;[0m
  &amp#27;[36mE &amp#27;[0m&amp#27;[36mo cache Redis deve ser atualizado para &amp#27;[0m&amp#27;[36m&amp#27;[1m5&amp#27;[0m&amp#27;[36m unidades disponíveis&amp#27;[0m           &amp#27;[90m# com.inventory.management.store.cucumber.stepdefinitions.IntegratedInventorySyncSteps.oCacheRedisDeveSerAtualizadoParaUnidadesDisponiveis(java.lang.Integer)&amp#27;[0m
  &amp#27;[36mE &amp#27;[0m&amp#27;[36muma mensagem de cancelamento deve ser enviada via Kafka&amp#27;[0m                 &amp#27;[90m# com.inventory.management.store.cucumber.stepdefinitions.IntegratedInventorySyncSteps.umaMensagemDeCancelamentoDeveSerEnviadaViaKafka()&amp#27;[0m
2025-09-01T18:54:34.375-03:00  INFO 87518 --- [store-service-test] [           main] [                                                 ] c.i.m.s.c.hooks.IntegrationTestHooks     : Finalizando cenário de sincronização em tempo real: Sincronização de cancelamento de reserva
2025-09-01T18:54:34.376-03:00 DEBUG 87518 --- [store-service-test] [           main] [                                                 ] o.s.jdbc.datasource.DataSourceUtils      : Setting JDBC Connection [HikariProxyConnection@196265846 wrapping conn0: url=jdbc:h2:mem:testdb user=SA] read-only
2025-09-01T18:54:34.376-03:00 DEBUG 87518 --- [store-service-test] [           main] [                                                 ] org.hibernate.SQL                        : select count(*) from store_service.products pe1_0
2025-09-01T18:54:34.376-03:00 DEBUG 87518 --- [store-service-test] [           main] [                                                 ] o.s.jdbc.datasource.DataSourceUtils      : Resetting read-only flag of JDBC Connection [HikariProxyConnection@196265846 wrapping conn0: url=jdbc:h2:mem:testdb user=SA]
2025-09-01T18:54:34.377-03:00 DEBUG 87518 --- [store-service-test] [           main] [                                                 ] c.i.m.s.c.hooks.IntegrationTestHooks     : Total de produtos após sincronização: 0
2025-09-01T18:54:34.377-03:00  INFO 87518 --- [store-service-test] [           main] [                                                 ] c.i.m.s.c.hooks.IntegrationTestHooks     : Validação de sincronização concluída
2025-09-01T18:54:34.377-03:00  INFO 87518 --- [store-service-test] [           main] [                                                 ] c.i.m.s.c.hooks.IntegrationTestHooks     : === Finalizando cenário de teste integrado: Sincronização de cancelamento de reserva ===
2025-09-01T18:54:34.377-03:00  INFO 87518 --- [store-service-test] [           main] [                                                 ] c.i.m.s.c.hooks.IntegrationTestHooks     : Estatísticas do cenário 'Sincronização de cancelamento de reserva': 
2025-09-01T18:54:34.377-03:00  INFO 87518 --- [store-service-test] [           main] [                                                 ] c.i.m.s.c.hooks.IntegrationTestHooks     :   - Duração: 11ms
2025-09-01T18:54:34.377-03:00  INFO 87518 --- [store-service-test] [           main] [                                                 ] c.i.m.s.c.hooks.IntegrationTestHooks     :   - Status: FALHA
2025-09-01T18:54:34.377-03:00  INFO 87518 --- [store-service-test] [           main] [                                                 ] c.i.m.s.c.hooks.IntegrationTestHooks     :   - Tags: [@integration, @integration, @real-time-sync]
2025-09-01T18:54:34.377-03:00  INFO 87518 --- [store-service-test] [           main] [                                                 ] c.i.m.s.c.hooks.IntegrationTestHooks     :   - scenario_start_time: 1756763674366
2025-09-01T18:54:34.377-03:00 DEBUG 87518 --- [store-service-test] [           main] [                                                 ] c.i.m.s.c.hooks.IntegrationTestHooks     : Modo simplificado - limpeza Redis ignorada
2025-09-01T18:54:34.377-03:00 ERROR 87518 --- [store-service-test] [           main] [                                                 ] c.i.m.s.c.hooks.IntegrationTestHooks     : Cenário falhou: Sincronização de cancelamento de reserva
2025-09-01T18:54:34.377-03:00 ERROR 87518 --- [store-service-test] [           main] [                                                 ] c.i.m.s.c.hooks.IntegrationTestHooks     : Informações sobre a falha:
2025-09-01T18:54:34.377-03:00 ERROR 87518 --- [store-service-test] [           main] [                                                 ] c.i.m.s.c.hooks.IntegrationTestHooks     :   - Cenário: Sincronização de cancelamento de reserva
2025-09-01T18:54:34.377-03:00 ERROR 87518 --- [store-service-test] [           main] [                                                 ] c.i.m.s.c.hooks.IntegrationTestHooks     :   - URI: classpath:features/integration/real-time-inventory-sync.feature
2025-09-01T18:54:34.377-03:00 ERROR 87518 --- [store-service-test] [           main] [                                                 ] c.i.m.s.c.hooks.IntegrationTestHooks     :   - Linha: 27
2025-09-01T18:54:34.377-03:00 ERROR 87518 --- [store-service-test] [           main] [                                                 ] c.i.m.s.c.hooks.IntegrationTestHooks     :   - Dados do teste:
2025-09-01T18:54:34.377-03:00 ERROR 87518 --- [store-service-test] [           main] [                                                 ] c.i.m.s.c.hooks.IntegrationTestHooks     :     - scenario_duration_ms: 11
2025-09-01T18:54:34.377-03:00 ERROR 87518 --- [store-service-test] [           main] [                                                 ] c.i.m.s.c.hooks.IntegrationTestHooks     :     - scenario_start_time: 1756763674366
2025-09-01T18:54:34.377-03:00 ERROR 87518 --- [store-service-test] [           main] [                                                 ] c.i.m.s.c.hooks.IntegrationTestHooks     :     - scenario_name: Sincronização de cancelamento de reserva
2025-09-01T18:54:34.377-03:00  INFO 87518 --- [store-service-test] [           main] [                                                 ] c.i.m.store.cucumber.hooks.TestHooks     : 🧹 Finalizando cenário de teste Cucumber
2025-09-01T18:54:34.378-03:00 DEBUG 87518 --- [store-service-test] [           main] [                                                 ] org.hibernate.SQL                        : select pe1_0.id,pe1_0.active,pe1_0.description,pe1_0.updated_at,pe1_0.name,pe1_0.price,pe1_0.quantity,pe1_0.reserved_quantity,pe1_0.sku,pe1_0.store_id from store_service.products pe1_0
2025-09-01T18:54:34.379-03:00  INFO 87518 --- [store-service-test] [           main] [                                                 ] c.i.m.store.cucumber.hooks.TestHooks     : 🧹 Banco de dados limpo após o cenário
]]></system-out>
  </testcase>
  <testcase name="Recuperação automática após falha temporária do Redis" classname="Sincronização de Estoque em Tempo Real - Testes Integrados" time="0.027">
    <failure message="&#10;expected: 200 OK&#10; but was: 404 NOT_FOUND" type="org.opentest4j.AssertionFailedError"><![CDATA[org.opentest4j.AssertionFailedError: 

expected: 200 OK
 but was: 404 NOT_FOUND
	at java.base/java.lang.reflect.Constructor.newInstanceWithCaller(Constructor.java:502)
	at com.inventory.management.store.cucumber.stepdefinitions.IntegratedInventorySyncSteps.queOSistemaEstaRodandoComInfraestruturaCompleta(IntegratedInventorySyncSteps.java:89)
	at ✽.que o sistema está rodando com infraestrutura completa(classpath:features/integration/real-time-inventory-sync.feature:9)
]]></failure>
    <system-out><![CDATA[2025-09-01T18:54:34.382-03:00  INFO 87518 --- [store-service-test] [           main] [                                                 ] t.c.s.AnnotationConfigContextLoaderUtils : Could not detect default configuration classes for test class [com.inventory.management.store.cucumber.CucumberSpringConfiguration]: CucumberSpringConfiguration does not declare any static, non-private, non-final, nested classes annotated with @Configuration.
2025-09-01T18:54:34.382-03:00  INFO 87518 --- [store-service-test] [           main] [                                                 ] .b.t.c.SpringBootTestContextBootstrapper : Found @SpringBootConfiguration com.inventory.management.store.StoreServiceApplication for test class com.inventory.management.store.cucumber.CucumberSpringConfiguration

@integration @integration @real-time-sync @error-handling
Cenário: Recuperação automática após falha temporária do Redis       &amp#27;[90m# features/integration/real-time-inventory-sync.feature:38&amp#27;[0m
2025-09-01T18:54:34.389-03:00  INFO 87518 --- [store-service-test] [           main] [                                                 ] c.i.m.store.cucumber.hooks.TestHooks     : 🧪 Iniciando cenário de teste Cucumber
2025-09-01T18:54:34.390-03:00 DEBUG 87518 --- [store-service-test] [           main] [                                                 ] org.hibernate.SQL                        : select pe1_0.id,pe1_0.active,pe1_0.description,pe1_0.updated_at,pe1_0.name,pe1_0.price,pe1_0.quantity,pe1_0.reserved_quantity,pe1_0.sku,pe1_0.store_id from store_service.products pe1_0
2025-09-01T18:54:34.391-03:00  INFO 87518 --- [store-service-test] [           main] [                                                 ] c.i.m.store.cucumber.hooks.TestHooks     : 🧹 Banco de dados limpo antes do cenário
2025-09-01T18:54:34.391-03:00  INFO 87518 --- [store-service-test] [           main] [                                                 ] c.i.m.s.c.hooks.IntegrationTestHooks     : === Iniciando cenário de teste integrado: Recuperação automática após falha temporária do Redis ===
2025-09-01T18:54:34.391-03:00  INFO 87518 --- [store-service-test] [           main] [                                                 ] c.i.m.s.c.hooks.IntegrationTestHooks     : Preparação do cenário concluída
2025-09-01T18:54:34.392-03:00  INFO 87518 --- [store-service-test] [           main] [                                                 ] c.i.m.s.c.hooks.IntegrationTestHooks     : Preparando cenário de sincronização em tempo real: Recuperação automática após falha temporária do Redis
2025-09-01T18:54:34.392-03:00 DEBUG 87518 --- [store-service-test] [           main] [                                                 ] o.s.jdbc.datasource.DataSourceUtils      : Setting JDBC Connection [HikariProxyConnection@1005465075 wrapping conn0: url=jdbc:h2:mem:testdb user=SA] read-only
2025-09-01T18:54:34.392-03:00 DEBUG 87518 --- [store-service-test] [           main] [                                                 ] org.hibernate.SQL                        : select count(*) from store_service.products pe1_0
2025-09-01T18:54:34.392-03:00 DEBUG 87518 --- [store-service-test] [           main] [                                                 ] o.s.jdbc.datasource.DataSourceUtils      : Resetting read-only flag of JDBC Connection [HikariProxyConnection@1005465075 wrapping conn0: url=jdbc:h2:mem:testdb user=SA]
2025-09-01T18:54:34.392-03:00 DEBUG 87518 --- [store-service-test] [           main] [                                                 ] c.i.m.s.c.hooks.IntegrationTestHooks     : PostgreSQL conectado - produtos existentes: 0
2025-09-01T18:54:34.392-03:00 DEBUG 87518 --- [store-service-test] [           main] [                                                 ] c.i.m.s.c.hooks.IntegrationTestHooks     : Modo simplificado - Redis não verificado
2025-09-01T18:54:34.392-03:00  INFO 87518 --- [store-service-test] [           main] [                                                 ] c.i.m.s.c.hooks.IntegrationTestHooks     : Infraestrutura verificada e pronta para sincronização
2025-09-01T18:54:34.393-03:00  INFO 87518 --- [store-service-test] [           main] [                                                 ] c.i.m.s.c.hooks.IntegrationTestHooks     : Preparando cenário de tratamento de erros: Recuperação automática após falha temporária do Redis
2025-09-01T18:54:34.393-03:00  INFO 87518 --- [store-service-test] [           main] [                                                 ] c.i.m.s.c.hooks.IntegrationTestHooks     : Modo de tratamento de erros ativado
2025-09-01T18:54:34.393-03:00 DEBUG 87518 --- [store-service-test] [           main] [                                                 ] o.s.web.client.RestTemplate              : HTTP GET http://localhost:56137/store-service/actuator/health
2025-09-01T18:54:34.394-03:00 DEBUG 87518 --- [store-service-test] [           main] [                                                 ] o.s.web.client.RestTemplate              : Accept=[text/plain, application/json, application/*+json, */*]
2025-09-01T18:54:34.395-03:00 DEBUG 87518 --- [store-service-test] [o-auto-1-exec-3] [68b6161a612f1534b18df3a79936d015-70cac7ee9a30f9a0] o.s.web.servlet.DispatcherServlet        : GET "/store-service/actuator/health", parameters={}
[...]
	ssl.truststore.password = null
	ssl.truststore.type = JKS
	transaction.timeout.ms = 60000
	transactional.id = null
	value.serializer = class org.apache.kafka.common.serialization.StringSerializer

DEBUG: Configurando 20 unidades reservadas para produto PROD-001
2025-09-01T18:54:36.035-03:00 DEBUG 87518 --- [store-service-test] [           main] [                                                 ] c.i.m.s.i.a.o.p.ProductRepositoryAdapter : Buscando produto: SKU=PROD-001, Loja=STORE-001
2025-09-01T18:54:36.036-03:00  INFO 87518 --- [store-service-test] [         task-5] [                                                 ] o.a.k.clients.producer.KafkaProducer     : [Producer clientId=store-service-test-producer-21] Instantiated an idempotent producer.
2025-09-01T18:54:36.036-03:00  INFO 87518 --- [store-service-test] [         task-5] [                                                 ] o.a.k.clients.producer.KafkaProducer     : [Producer clientId=store-service-test-producer-21] Closing the Kafka producer with timeoutMillis = 0 ms.
2025-09-01T18:54:36.036-03:00  INFO 87518 --- [store-service-test] [         task-5] [                                                 ] o.apache.kafka.common.metrics.Metrics    : Metrics scheduler closed
2025-09-01T18:54:36.036-03:00 DEBUG 87518 --- [store-service-test] [           main] [                                                 ] org.hibernate.SQL                        : select pe1_0.id,pe1_0.active,pe1_0.description,pe1_0.updated_at,pe1_0.name,pe1_0.price,pe1_0.quantity,pe1_0.reserved_quantity,pe1_0.sku,pe1_0.store_id from store_service.products pe1_0 where pe1_0.sku=? and pe1_0.store_id=?
2025-09-01T18:54:36.036-03:00  INFO 87518 --- [store-service-test] [         task-5] [                                                 ] o.apache.kafka.common.metrics.Metrics    : Closing reporter org.apache.kafka.common.metrics.JmxReporter
2025-09-01T18:54:36.036-03:00  INFO 87518 --- [store-service-test] [         task-5] [                                                 ] o.apache.kafka.common.metrics.Metrics    : Metrics reporters closed
2025-09-01T18:54:36.036-03:00  INFO 87518 --- [store-service-test] [         task-5] [                                                 ] o.a.kafka.common.utils.AppInfoParser     : App info kafka.producer for store-service-test-producer-21 unregistered
2025-09-01T18:54:36.036-03:00  WARN 87518 --- [store-service-test] [         task-5] [                                                 ] c.i.m.s.i.config.ResilienceConfig        : ⚠️ Falha na tentativa 1 de operação Kafka: Failed to construct kafka producer
2025-09-01T18:54:36.036-03:00 ERROR 87518 --- [store-service-test] [         task-5] [                                                 ] c.i.m.s.i.config.ResilienceConfig        : ❌ Falha definitiva após 1 tentativas de operação Kafka: Failed to construct kafka producer
2025-09-01T18:54:36.036-03:00 ERROR 87518 --- [store-service-test] [         task-5] [                                                 ] m.s.i.a.o.m.KafkaInventoryEventPublisher : ❌ Falha na publicação após retries: eventId=6c798928-0364-4c8f-98c5-2beb3b184a89, erro=Failed to construct kafka producer
2025-09-01T18:54:36.036-03:00 ERROR 87518 --- [store-service-test] [         task-5] [                                                 ] m.s.i.a.o.m.KafkaInventoryEventPublisher : ❌ Falha na publicação assíncrona: eventId=6c798928-0364-4c8f-98c5-2beb3b184a89, erro=Falha definitiva na publicação do evento
2025-09-01T18:54:36.036-03:00 DEBUG 87518 --- [store-service-test] [           main] [                                                 ] c.i.m.s.i.a.o.p.ProductRepositoryAdapter : Salvando produto: SKU=PROD-001, ID=c6456136-95f0-4279-9b02-57904e72e734
2025-09-01T18:54:36.037-03:00 DEBUG 87518 --- [store-service-test] [           main] [                                                 ] org.hibernate.SQL                        : select pe1_0.id,pe1_0.active,pe1_0.description,pe1_0.updated_at,pe1_0.name,pe1_0.price,pe1_0.quantity,pe1_0.reserved_quantity,pe1_0.sku,pe1_0.store_id from store_service.products pe1_0 where pe1_0.id=?
2025-09-01T18:54:36.037-03:00 DEBUG 87518 --- [store-service-test] [           main] [                                                 ] org.hibernate.SQL                        : update store_service.products set active=?,description=?,updated_at=?,name=?,price=?,quantity=?,reserved_quantity=?,sku=?,store_id=? where id=?
2025-09-01T18:54:36.038-03:00 DEBUG 87518 --- [store-service-test] [           main] [                                                 ] c.i.m.s.i.a.o.p.ProductRepositoryAdapter : Produto salvo com sucesso: ID=c6456136-95f0-4279-9b02-57904e72e734
DEBUG: Produto salvo com reservas - Estoque: 80, Reservado: 20, Disponível: 80
  &amp#27;[32mE &amp#27;[0m&amp#27;[32mo produto tem &amp#27;[0m&amp#27;[32m&amp#27;[1m20&amp#27;[0m&amp#27;[32m unidades reservadas&amp#27;[0m                                             &amp#27;[90m# com.inventory.management.store.cucumber.stepdefinitions.ReservationCancellationSteps.oProdutoTemUnidadesReservadas(java.lang.Integer)&amp#27;[0m
2025-09-01T18:54:36.038-03:00 DEBUG 87518 --- [store-service-test] [           main] [                                                 ] c.i.m.s.i.a.o.p.ProductRepositoryAdapter : Salvando produto: SKU=PROD-001, ID=c6456136-95f0-4279-9b02-57904e72e734
2025-09-01T18:54:36.038-03:00 DEBUG 87518 --- [store-service-test] [           main] [                                                 ] org.hibernate.SQL                        : select pe1_0.id,pe1_0.active,pe1_0.description,pe1_0.updated_at,pe1_0.name,pe1_0.price,pe1_0.quantity,pe1_0.reserved_quantity,pe1_0.sku,pe1_0.store_id from store_service.products pe1_0 where pe1_0.id=?
2025-09-01T18:54:36.039-03:00 DEBUG 87518 --- [store-service-test] [           main] [                                                 ] c.i.m.s.i.a.o.p.ProductRepositoryAdapter : Produto salvo com sucesso: ID=c6456136-95f0-4279-9b02-57904e72e734
  &amp#27;[32mE &amp#27;[0m&amp#27;[32mo produto está ativo&amp#27;[0m                                                             &amp#27;[90m# com.inventory.management.store.cucumber.stepdefinitions.ProductReservationSteps.o_produto_está_ativo()&amp#27;[0m
2025-09-01T18:54:36.039-03:00 DEBUG 87518 --- [store-service-test] [           main] [                                                 ] c.i.m.s.i.a.o.p.ProductRepositoryAdapter : Buscando produto: SKU=PROD-001, Loja=STORE-001
2025-09-01T18:54:36.039-03:00 DEBUG 87518 --- [store-service-test] [           main] [                                                 ] org.hibernate.SQL                        : select pe1_0.id,pe1_0.active,pe1_0.description,pe1_0.updated_at,pe1_0.name,pe1_0.price,pe1_0.quantity,pe1_0.reserved_quantity,pe1_0.sku,pe1_0.store_id from store_service.products pe1_0 where pe1_0.sku=? and pe1_0.store_id=?
2025-09-01T18:54:36.040-03:00  INFO 87518 --- [store-service-test] [           main] [                                                 ] c.i.m.s.a.u.CancelReservationUseCase     : Executando cancelamento de reserva: SKU=PROD-001, Loja=STORE-001, Quantidade=20
2025-09-01T18:54:36.040-03:00  INFO 87518 --- [store-service-test] [           main] [                                                 ] c.i.m.s.d.s.InventoryDomainService       : Cancelando reserva: SKU=PROD-001, Loja=STORE-001, Quantidade=20
2025-09-01T18:54:36.040-03:00 DEBUG 87518 --- [store-service-test] [           main] [                                                 ] c.i.m.s.i.a.o.p.ProductRepositoryAdapter : Buscando produto: SKU=PROD-001, Loja=STORE-001
2025-09-01T18:54:36.041-03:00 DEBUG 87518 --- [store-service-test] [           main] [                                                 ] org.hibernate.SQL                        : select pe1_0.id,pe1_0.active,pe1_0.description,pe1_0.updated_at,pe1_0.name,pe1_0.price,pe1_0.quantity,pe1_0.reserved_quantity,pe1_0.sku,pe1_0.store_id from store_service.products pe1_0 where pe1_0.sku=? and pe1_0.store_id=?
2025-09-01T18:54:36.041-03:00 DEBUG 87518 --- [store-service-test] [           main] [                                                 ] c.i.m.s.i.a.o.p.ProductRepositoryAdapter : Salvando produto: SKU=PROD-001, ID=c6456136-95f0-4279-9b02-57904e72e734
2025-09-01T18:54:36.041-03:00 DEBUG 87518 --- [store-service-test] [           main] [                                                 ] c.i.m.s.i.a.o.p.ProductRepositoryAdapter : Produto salvo com sucesso: ID=c6456136-95f0-4279-9b02-57904e72e734
2025-09-01T18:54:36.041-03:00  INFO 87518 --- [store-service-test] [           main] [                                                 ] c.i.m.s.d.s.InventoryDomainService       : Reserva cancelada: SKU=PROD-001, Reservado=0
2025-09-01T18:54:36.041-03:00  INFO 87518 --- [store-service-test] [         task-6] [                                                 ] m.s.i.a.o.m.KafkaInventoryEventPublisher : 📤 Publicando evento de inventário: eventId=3f01dda3-cb5d-448d-b96d-2bd77cb1e469, tipo=CANCEL, produto=PROD-001
2025-09-01T18:54:36.041-03:00 DEBUG 87518 --- [store-service-test] [           main] [                                                 ] org.hibernate.SQL                        : update store_service.products set active=?,description=?,updated_at=?,name=?,price=?,quantity=?,reserved_quantity=?,sku=?,store_id=? where id=?
2025-09-01T18:54:36.042-03:00  INFO 87518 --- [store-service-test] [           main] [                                                 ] c.i.m.s.a.u.CancelReservationUseCase     : Reserva cancelada com sucesso: SKU=PROD-001, Quantidade reservada atual=0
2025-09-01T18:54:36.042-03:00  INFO 87518 --- [store-service-test] [         task-6] [                                                 ] c.i.m.s.i.config.ResilienceConfig        : 🔄 Iniciando retry para operação Kafka - tentativa: 1
2025-09-01T18:54:36.042-03:00 DEBUG 87518 --- [store-service-test] [         task-6] [                                                 ] m.s.i.a.o.m.KafkaInventoryEventPublisher : 🔄 Tentativa 1 de publicação: eventId=3f01dda3-cb5d-448d-b96d-2bd77cb1e469
  &amp#27;[32mQuando &amp#27;[0m&amp#27;[32meu cancelo &amp#27;[0m&amp#27;[32m&amp#27;[1m20&amp#27;[0m&amp#27;[32m unidades da reserva do produto &amp#27;[0m&amp#27;[32m&amp#27;[1m"PROD-001"&amp#27;[0m&amp#27;[32m na loja &amp#27;[0m&amp#27;[32m&amp#27;[1m"STORE-001"&amp#27;[0m &amp#27;[90m# com.inventory.management.store.cucumber.stepdefinitions.ReservationCancellationSteps.euCanceloUnidadesDaReservaDoProdutoNaLoja(java.lang.Integer,java.lang.String,java.lang.String)&amp#27;[0m
  &amp#27;[32mEntão &amp#27;[0m&amp#27;[32mo cancelamento deve ser bem-sucedido&amp#27;[0m                                         &amp#27;[90m# com.inventory.management.store.cucumber.stepdefinitions.ReservationCancellationSteps.oCancelamentoDeveSerBemSucedido()&amp#27;[0m
2025-09-01T18:54:36.042-03:00  INFO 87518 --- [store-service-test] [         task-6] [                                                 ] o.a.k.clients.producer.ProducerConfig    : ProducerConfig values: 
	acks = -1
	auto.include.jmx.reporter = true
	batch.size = 16384
	bootstrap.servers = []
	buffer.memory = 33554432
	client.dns.lookup = use_all_dns_ips
	client.id = store-service-test-producer-22
	compression.type = snappy
	connections.max.idle.ms = 540000
	delivery.timeout.ms = 120000
	enable.idempotence = true
	interceptor.classes = []
	key.serializer = class org.apache.kafka.common.serialization.StringSerializer
	linger.ms = 1
	max.block.ms = 60000
	max.in.flight.requests.per.connection = 5
	max.request.size = 1048576
	metadata.max.age.ms = 300000
	metadata.max.idle.ms = 300000
	metric.reporters = []
	metrics.num.samples = 2
	metrics.recording.level = INFO
	metrics.sample.window.ms = 30000
	partitioner.adaptive.partitioning.enable = true
	partitioner.availability.timeout.ms = 0
	partitioner.class = null
	partitioner.ignore.keys = false
	receive.buffer.bytes = 32768
	reconnect.backoff.max.ms = 1000
	reconnect.backoff.ms = 50
	request.timeout.ms = 30000
	retries = 3
	retry.backoff.ms = 100
	sasl.client.callback.handler.class = null
	sasl.jaas.config = null
	sasl.kerberos.kinit.cmd = /usr/bin/kinit
	sasl.kerberos.min.time.before.relogin = 60000
	sasl.kerberos.service.name = null
	sasl.kerberos.ticket.renew.jitter = 0.05
	sasl.kerberos.ticket.renew.window.factor = 0.8
	sasl.login.callback.handler.class = null
	sasl.login.class = null
	sasl.login.connect.timeout.ms = null
	sasl.login.read.timeout.ms = null
	sasl.login.refresh.buffer.seconds = 300
	sasl.login.refresh.min.period.seconds = 60
	sasl.login.refresh.window.factor = 0.8
	sasl.login.refresh.window.jitter = 0.05
	sasl.login.retry.backoff.max.ms = 10000
	sasl.login.retry.backoff.ms = 100
	sasl.mechanism = GSSAPI
	sasl.oauthbearer.clock.skew.seconds = 30
	sasl.oauthbearer.expected.audience = null
	sasl.oauthbearer.expected.issuer = null
	sasl.oauthbearer.jwks.endpoint.refresh.ms = 3600000
	sasl.oauthbearer.jwks.endpoint.retry.backoff.max.ms = 10000
	sasl.oauthbearer.jwks.endpoint.retry.backoff.ms = 100
	sasl.oauthbearer.jwks.endpoint.url = null
	sasl.oauthbearer.scope.claim.name = scope
	sasl.oauthbearer.sub.claim.name = sub
	sasl.oauthbearer.token.endpoint.url = null
	security.protocol = PLAINTEXT
	security.providers = null
	send.buffer.bytes = 131072
	socket.connection.setup.timeout.max.ms = 30000
	socket.connection.setup.timeout.ms = 10000
	ssl.cipher.suites = null
	ssl.enabled.protocols = [TLSv1.2, TLSv1.3]
	ssl.endpoint.identification.algorithm = https
	ssl.engine.factory.class = null
	ssl.key.password = null
	ssl.keymanager.algorithm = SunX509
	ssl.keystore.certificate.chain = null
	ssl.keystore.key = null
	ssl.keystore.location = null
	ssl.keystore.password = null
	ssl.keystore.type = JKS
	ssl.protocol = TLSv1.3
	ssl.provider = null
	ssl.secure.random.implementation = null
	ssl.trustmanager.algorithm = PKIX
	ssl.truststore.certificates = null
	ssl.truststore.location = null
	ssl.truststore.password = null
	ssl.truststore.type = JKS
	transaction.timeout.ms = 60000
	transactional.id = null
	value.serializer = class org.apache.kafka.common.serialization.StringSerializer

2025-09-01T18:54:36.042-03:00 DEBUG 87518 --- [store-service-test] [           main] [                                                 ] c.i.m.s.i.a.o.p.ProductRepositoryAdapter : Buscando produto: SKU=PROD-001, Loja=STORE-001
2025-09-01T18:54:36.043-03:00  INFO 87518 --- [store-service-test] [         task-6] [                                                 ] o.a.k.clients.producer.KafkaProducer     : [Producer clientId=store-service-test-producer-22] Instantiated an idempotent producer.
2025-09-01T18:54:36.043-03:00 DEBUG 87518 --- [store-service-test] [           main] [                                                 ] org.hibernate.SQL                        : select pe1_0.id,pe1_0.active,pe1_0.description,pe1_0.updated_at,pe1_0.name,pe1_0.price,pe1_0.quantity,pe1_0.reserved_quantity,pe1_0.sku,pe1_0.store_id from store_service.products pe1_0 where pe1_0.sku=? and pe1_0.store_id=?
2025-09-01T18:54:36.043-03:00  INFO 87518 --- [store-service-test] [         task-6] [                                                 ] o.a.k.clients.producer.KafkaProducer     : [Producer clientId=store-service-test-producer-22] Closing the Kafka producer with timeoutMillis = 0 ms.
2025-09-01T18:54:36.043-03:00  INFO 87518 --- [store-service-test] [         task-6] [                                                 ] o.apache.kafka.common.metrics.Metrics    : Metrics scheduler closed
2025-09-01T18:54:36.043-03:00  INFO 87518 --- [store-service-test] [         task-6] [                                                 ] o.apache.kafka.common.metrics.Metrics    : Closing reporter org.apache.kafka.common.metrics.JmxReporter
2025-09-01T18:54:36.043-03:00  INFO 87518 --- [store-service-test] [         task-6] [                                                 ] o.apache.kafka.common.metrics.Metrics    : Metrics reporters closed
2025-09-01T18:54:36.043-03:00  INFO 87518 --- [store-service-test] [         task-6] [                                                 ] o.a.kafka.common.utils.AppInfoParser     : App info kafka.producer for store-service-test-producer-22 unregistered
2025-09-01T18:54:36.043-03:00  WARN 87518 --- [store-service-test] [         task-6] [                                                 ] c.i.m.s.i.config.ResilienceConfig        : ⚠️ Falha na tentativa 1 de operação Kafka: Failed to construct kafka producer
2025-09-01T18:54:36.043-03:00 ERROR 87518 --- [store-service-test] [         task-6] [                                                 ] c.i.m.s.i.config.ResilienceConfig        : ❌ Falha definitiva após 1 tentativas de operação Kafka: Failed to construct kafka producer
2025-09-01T18:54:36.043-03:00 ERROR 87518 --- [store-service-test] [         task-6] [                                                 ] m.s.i.a.o.m.KafkaInventoryEventPublisher : ❌ Falha na publicação após retries: eventId=3f01dda3-cb5d-448d-b96d-2bd77cb1e469, erro=Failed to construct kafka producer
2025-09-01T18:54:36.043-03:00 ERROR 87518 --- [store-service-test] [         task-6] [                                                 ] m.s.i.a.o.m.KafkaInventoryEventPublisher : ❌ Falha na publicação assíncrona: eventId=3f01dda3-cb5d-448d-b96d-2bd77cb1e469, erro=Falha definitiva na publicação do evento
  &amp#27;[32mE &amp#27;[0m&amp#27;[32mo produto deve ter &amp#27;[0m&amp#27;[32m&amp#27;[1m0&amp#27;[0m&amp#27;[32m unidades reservadas&amp#27;[0m                                         &amp#27;[90m# com.inventory.management.store.cucumber.stepdefinitions.ProductReservationSteps.o_produto_deve_ter_unidades_reservadas(java.lang.Integer)&amp#27;[0m
2025-09-01T18:54:36.043-03:00 DEBUG 87518 --- [store-service-test] [           main] [                                                 ] c.i.m.s.i.a.o.p.ProductRepositoryAdapter : Buscando produto: SKU=PROD-001, Loja=STORE-001
2025-09-01T18:54:36.044-03:00 DEBUG 87518 --- [store-service-test] [           main] [                                                 ] org.hibernate.SQL                        : select pe1_0.id,pe1_0.active,pe1_0.description,pe1_0.updated_at,pe1_0.name,pe1_0.price,pe1_0.quantity,pe1_0.reserved_quantity,pe1_0.sku,pe1_0.store_id from store_service.products pe1_0 where pe1_0.sku=? and pe1_0.store_id=?
  &amp#27;[32mE &amp#27;[0m&amp#27;[32mo produto deve ter &amp#27;[0m&amp#27;[32m&amp#27;[1m100&amp#27;[0m&amp#27;[32m unidades disponíveis&amp#27;[0m                                      &amp#27;[90m# com.inventory.management.store.cucumber.stepdefinitions.ProductReservationSteps.o_produto_deve_ter_unidades_disponíveis(java.lang.Integer)&amp#27;[0m
2025-09-01T18:54:36.045-03:00  INFO 87518 --- [store-service-test] [           main] [                                                 ] c.i.m.store.cucumber.hooks.TestHooks     : ❌ Limpeza após teste de cancelamento
2025-09-01T18:54:36.045-03:00  INFO 87518 --- [store-service-test] [           main] [                                                 ] c.i.m.store.cucumber.hooks.TestHooks     : 🧹 Finalizando cenário de teste Cucumber
2025-09-01T18:54:36.045-03:00 DEBUG 87518 --- [store-service-test] [           main] [                                                 ] org.hibernate.SQL                        : select pe1_0.id,pe1_0.active,pe1_0.description,pe1_0.updated_at,pe1_0.name,pe1_0.price,pe1_0.quantity,pe1_0.reserved_quantity,pe1_0.sku,pe1_0.store_id from store_service.products pe1_0
2025-09-01T18:54:36.046-03:00 DEBUG 87518 --- [store-service-test] [           main] [                                                 ] org.hibernate.SQL                        : delete from store_service.products where id=?
2025-09-01T18:54:36.046-03:00  INFO 87518 --- [store-service-test] [           main] [                                                 ] c.i.m.store.cucumber.hooks.TestHooks     : 🧹 Banco de dados limpo após o cenário
]]></system-out>
  </testcase>
</testsuite>